TRACE::2023-02-14.22:47:45::SCWPlatform::Trying to open the hw design at /home/danielito/Escritorio/Vivado_proyect/Vitis_proyect/TP8_FInal/top/hw/top.xsa
TRACE::2023-02-14.22:47:45::SCWPlatform::DSA given /home/danielito/Escritorio/Vivado_proyect/Vitis_proyect/TP8_FInal/top/hw/top.xsa
TRACE::2023-02-14.22:47:45::SCWPlatform::DSA absoulate path /home/danielito/Escritorio/Vivado_proyect/Vitis_proyect/TP8_FInal/top/hw/top.xsa
TRACE::2023-02-14.22:47:47::SCWPlatform::DSA directory /home/danielito/Escritorio/Vivado_proyect/Vitis_proyect/TP8_FInal/top/hw
TRACE::2023-02-14.22:47:47::SCWPlatform:: Platform Path /home/danielito/Escritorio/Vivado_proyect/Vitis_proyect/TP8_FInal/top/hw/top.xsa
TRACE::2023-02-14.22:47:47::SCWPlatform:: Unique name xilinx:arty-a7-35::0.0
TRACE::2023-02-14.22:47:47::SCWPlatform::Do not have an existing db opened. 
TRACE::2023-02-14.22:47:48::SCWPlatform::Opened new HwDB with name top_0
TRACE::2023-02-14.22:47:48::SCWWriter::formatted JSON is {
	"platformName":	"top",
	"sprVersion":	"2.0",
	"mode":	"gui",
	"dsaType":	"Fixed",
	"platformDesc":	"top",
	"platHandOff":	"/home/danielito/Escritorio/Vivado_proyect/project_8_MIcroBlazerConTrama/top.xsa",
	"platIntHandOff":	"<platformDir>/hw/top.xsa",
	"deviceType":	"FPGA",
	"platIsPrebuiltAutogen":	"false",
	"platIsNoBootBsp":	"false",
	"hasFsblMakeHasChanges":	"false",
	"hasPmufwMakeHasChanges":	"false",
	"platPreBuiltFlag":	false,
	"platformSamplesDir":	""
}
TRACE::2023-02-14.22:47:48::SCWWriter::formatted JSON is {
	"platformName":	"top",
	"sprVersion":	"2.0",
	"mode":	"gui",
	"dsaType":	"Fixed",
	"platformDesc":	"top",
	"platHandOff":	"/home/danielito/Escritorio/Vivado_proyect/project_8_MIcroBlazerConTrama/top.xsa",
	"platIntHandOff":	"<platformDir>/hw/top.xsa",
	"deviceType":	"FPGA",
	"platIsPrebuiltAutogen":	"false",
	"platIsNoBootBsp":	"false",
	"hasFsblMakeHasChanges":	"false",
	"hasPmufwMakeHasChanges":	"false",
	"platPreBuiltFlag":	false,
	"platformSamplesDir":	"",
	"platActiveSys":	"top",
	"systems":	[{
			"systemName":	"top",
			"systemDesc":	"top",
			"sysIsBootAutoGen":	"true",
			"systemDispName":	"top"
		}]
}
TRACE::2023-02-14.22:47:48::SCWPlatform::Boot application domains not present, creating them
TRACE::2023-02-14.22:47:48::SCWPlatform::Pure FPGA device, no boot application will be created.
TRACE::2023-02-14.22:47:48::SCWWriter::formatted JSON is {
	"platformName":	"top",
	"sprVersion":	"2.0",
	"mode":	"gui",
	"dsaType":	"Fixed",
	"platformDesc":	"top",
	"platHandOff":	"/home/danielito/Escritorio/Vivado_proyect/project_8_MIcroBlazerConTrama/top.xsa",
	"platIntHandOff":	"<platformDir>/hw/top.xsa",
	"deviceType":	"FPGA",
	"platIsPrebuiltAutogen":	"false",
	"platIsNoBootBsp":	"false",
	"hasFsblMakeHasChanges":	"false",
	"hasPmufwMakeHasChanges":	"false",
	"platPreBuiltFlag":	false,
	"platformSamplesDir":	"",
	"platActiveSys":	"top",
	"systems":	[{
			"systemName":	"top",
			"systemDesc":	"top",
			"sysIsBootAutoGen":	"true",
			"systemDispName":	"top"
		}]
}
TRACE::2023-02-14.22:47:48::SCWWriter::formatted JSON is {
	"platformName":	"top",
	"sprVersion":	"2.0",
	"mode":	"gui",
	"dsaType":	"Fixed",
	"platformDesc":	"top",
	"platHandOff":	"/home/danielito/Escritorio/Vivado_proyect/project_8_MIcroBlazerConTrama/top.xsa",
	"platIntHandOff":	"<platformDir>/hw/top.xsa",
	"deviceType":	"FPGA",
	"platIsPrebuiltAutogen":	"false",
	"platIsNoBootBsp":	"false",
	"hasFsblMakeHasChanges":	"false",
	"hasPmufwMakeHasChanges":	"false",
	"platPreBuiltFlag":	false,
	"platformSamplesDir":	"",
	"platActiveSys":	"top",
	"systems":	[{
			"systemName":	"top",
			"systemDesc":	"top",
			"sysIsBootAutoGen":	"true",
			"systemDispName":	"top"
		}]
}
TRACE::2023-02-14.22:47:48::SCWPlatform::Trying to open the hw design at /home/danielito/Escritorio/Vivado_proyect/Vitis_proyect/TP8_FInal/top/hw/top.xsa
TRACE::2023-02-14.22:47:48::SCWPlatform::DSA given /home/danielito/Escritorio/Vivado_proyect/Vitis_proyect/TP8_FInal/top/hw/top.xsa
TRACE::2023-02-14.22:47:48::SCWPlatform::DSA absoulate path /home/danielito/Escritorio/Vivado_proyect/Vitis_proyect/TP8_FInal/top/hw/top.xsa
TRACE::2023-02-14.22:47:48::SCWPlatform::DSA directory /home/danielito/Escritorio/Vivado_proyect/Vitis_proyect/TP8_FInal/top/hw
TRACE::2023-02-14.22:47:48::SCWPlatform:: Platform Path /home/danielito/Escritorio/Vivado_proyect/Vitis_proyect/TP8_FInal/top/hw/top.xsa
TRACE::2023-02-14.22:47:48::SCWPlatform:: Unique name xilinx:arty-a7-35::0.0
TRACE::2023-02-14.22:47:48::SCWPlatform::Trying to set the existing hwdb with name top_0
TRACE::2023-02-14.22:47:48::SCWPlatform::Opened existing hwdb top_0
TRACE::2023-02-14.22:47:48::SCWPlatform::Found the Hw Db part of the input DSA
TRACE::2023-02-14.22:47:48::SCWDomain::checking for install qemu data   : 
TRACE::2023-02-14.22:47:48::SCWPlatform::Trying to open the hw design at /home/danielito/Escritorio/Vivado_proyect/Vitis_proyect/TP8_FInal/top/hw/top.xsa
TRACE::2023-02-14.22:47:48::SCWPlatform::DSA given /home/danielito/Escritorio/Vivado_proyect/Vitis_proyect/TP8_FInal/top/hw/top.xsa
TRACE::2023-02-14.22:47:48::SCWPlatform::DSA absoulate path /home/danielito/Escritorio/Vivado_proyect/Vitis_proyect/TP8_FInal/top/hw/top.xsa
TRACE::2023-02-14.22:47:48::SCWPlatform::DSA directory /home/danielito/Escritorio/Vivado_proyect/Vitis_proyect/TP8_FInal/top/hw
TRACE::2023-02-14.22:47:48::SCWPlatform:: Platform Path /home/danielito/Escritorio/Vivado_proyect/Vitis_proyect/TP8_FInal/top/hw/top.xsa
TRACE::2023-02-14.22:47:48::SCWPlatform:: Unique name xilinx:arty-a7-35::0.0
TRACE::2023-02-14.22:47:48::SCWPlatform::Trying to set the existing hwdb with name top_0
TRACE::2023-02-14.22:47:48::SCWPlatform::Opened existing hwdb top_0
TRACE::2023-02-14.22:47:48::SCWPlatform::Found the Hw Db part of the input DSA
TRACE::2023-02-14.22:47:48::SCWPlatform::Trying to open the hw design at /home/danielito/Escritorio/Vivado_proyect/Vitis_proyect/TP8_FInal/top/hw/top.xsa
TRACE::2023-02-14.22:47:48::SCWPlatform::DSA given /home/danielito/Escritorio/Vivado_proyect/Vitis_proyect/TP8_FInal/top/hw/top.xsa
TRACE::2023-02-14.22:47:48::SCWPlatform::DSA absoulate path /home/danielito/Escritorio/Vivado_proyect/Vitis_proyect/TP8_FInal/top/hw/top.xsa
TRACE::2023-02-14.22:47:48::SCWPlatform::DSA directory /home/danielito/Escritorio/Vivado_proyect/Vitis_proyect/TP8_FInal/top/hw
TRACE::2023-02-14.22:47:48::SCWPlatform:: Platform Path /home/danielito/Escritorio/Vivado_proyect/Vitis_proyect/TP8_FInal/top/hw/top.xsa
TRACE::2023-02-14.22:47:48::SCWPlatform:: Unique name xilinx:arty-a7-35::0.0
TRACE::2023-02-14.22:47:48::SCWPlatform::Trying to set the existing hwdb with name top_0
TRACE::2023-02-14.22:47:48::SCWPlatform::Opened existing hwdb top_0
TRACE::2023-02-14.22:47:48::SCWPlatform::Found the Hw Db part of the input DSA
TRACE::2023-02-14.22:47:48::SCWPlatform::Trying to open the hw design at /home/danielito/Escritorio/Vivado_proyect/Vitis_proyect/TP8_FInal/top/hw/top.xsa
TRACE::2023-02-14.22:47:48::SCWPlatform::DSA given /home/danielito/Escritorio/Vivado_proyect/Vitis_proyect/TP8_FInal/top/hw/top.xsa
TRACE::2023-02-14.22:47:48::SCWPlatform::DSA absoulate path /home/danielito/Escritorio/Vivado_proyect/Vitis_proyect/TP8_FInal/top/hw/top.xsa
TRACE::2023-02-14.22:47:48::SCWPlatform::DSA directory /home/danielito/Escritorio/Vivado_proyect/Vitis_proyect/TP8_FInal/top/hw
TRACE::2023-02-14.22:47:48::SCWPlatform:: Platform Path /home/danielito/Escritorio/Vivado_proyect/Vitis_proyect/TP8_FInal/top/hw/top.xsa
TRACE::2023-02-14.22:47:48::SCWPlatform:: Unique name xilinx:arty-a7-35::0.0
TRACE::2023-02-14.22:47:48::SCWPlatform::Trying to set the existing hwdb with name top_0
TRACE::2023-02-14.22:47:48::SCWPlatform::Opened existing hwdb top_0
TRACE::2023-02-14.22:47:48::SCWPlatform::Found the Hw Db part of the input DSA
TRACE::2023-02-14.22:47:48::SCWMssOS::Checking the sw design at  /home/danielito/Escritorio/Vivado_proyect/Vitis_proyect/TP8_FInal/top/microblaze_0/standalone_microblaze_0/bsp/system.mss
TRACE::2023-02-14.22:47:48::SCWMssOS::DEBUG:  swdes dump  
TRACE::2023-02-14.22:47:48::SCWMssOS::No sw design opened at  /home/danielito/Escritorio/Vivado_proyect/Vitis_proyect/TP8_FInal/top/microblaze_0/standalone_microblaze_0/bsp/system.mss
TRACE::2023-02-14.22:47:48::SCWMssOS::mss does not exists at /home/danielito/Escritorio/Vivado_proyect/Vitis_proyect/TP8_FInal/top/microblaze_0/standalone_microblaze_0/bsp/system.mss
TRACE::2023-02-14.22:47:48::SCWMssOS::Creating sw design at  /home/danielito/Escritorio/Vivado_proyect/Vitis_proyect/TP8_FInal/top/microblaze_0/standalone_microblaze_0/bsp/system.mss
TRACE::2023-02-14.22:47:48::SCWMssOS::Adding the swdes entry, created swdb /home/danielito/Escritorio/Vivado_proyect/Vitis_proyect/TP8_FInal/top/microblaze_0/standalone_microblaze_0/bsp/system.mss with des name /home/danielito/Escritorio/Vivado_proyect/Vitis_proyect/TP8_FInal/top/microblaze_0/standalone_microblaze_0/bsp/system.mss
TRACE::2023-02-14.22:47:48::SCWMssOS::updating the scw layer changes to swdes at   /home/danielito/Escritorio/Vivado_proyect/Vitis_proyect/TP8_FInal/top/microblaze_0/standalone_microblaze_0/bsp/system.mss
TRACE::2023-02-14.22:47:48::SCWMssOS::Writing mss at /home/danielito/Escritorio/Vivado_proyect/Vitis_proyect/TP8_FInal/top/microblaze_0/standalone_microblaze_0/bsp/system.mss
TRACE::2023-02-14.22:47:48::SCWMssOS::Completed writing the mss file at /home/danielito/Escritorio/Vivado_proyect/Vitis_proyect/TP8_FInal/top/microblaze_0/standalone_microblaze_0/bsp
TRACE::2023-02-14.22:47:48::SCWMssOS::Picking up changes from newly written mss file into SCW Layer. 
TRACE::2023-02-14.22:47:48::SCWMssOS::Updated the changes from newly written mss file into SCW Layer. 
TRACE::2023-02-14.22:47:48::SCWMssOS::Completed writing the mss file at /home/danielito/Escritorio/Vivado_proyect/Vitis_proyect/TP8_FInal/top/microblaze_0/standalone_microblaze_0/bsp
TRACE::2023-02-14.22:47:48::SCWMssOS::Forcing BSP Sources regeneration.
TRACE::2023-02-14.22:47:48::SCWMssOS::Saving the mss changes /home/danielito/Escritorio/Vivado_proyect/Vitis_proyect/TP8_FInal/top/microblaze_0/standalone_microblaze_0/bsp/system.mss
TRACE::2023-02-14.22:47:48::SCWMssOS::Found a swdesign opened with the mssfile.
TRACE::2023-02-14.22:47:48::SCWMssOS::Running validate of swdbs.
KEYINFO::2023-02-14.22:47:48::SCWMssOS::Could not open the swdb for /home/danielito/Escritorio/Vivado_proyect/Vitis_proyect/TP8_FInal/top/microblaze_0/standalone_microblaze_0/bsp/system.mss
KEYINFO::2023-02-14.22:47:48::SCWMssOS::Could not open the sw design at  /home/danielito/Escritorio/Vivado_proyect/Vitis_proyect/TP8_FInal/top/microblaze_0/standalone_microblaze_0/bsp/system.mss
ERROR: [Hsi 55-1558] Software Design /home/danielito/Escritorio/Vivado_proyect/Vitis_proyect/TP8_FInal/top/microblaze_0/standalone_microblaze_0/bsp/system.mss is not found

TRACE::2023-02-14.22:47:48::SCWMssOS::Cleared the swdb table entry
TRACE::2023-02-14.22:47:48::SCWMssOS::Adding the swdes entry, mss present, able to open swdb /home/danielito/Escritorio/Vivado_proyect/Vitis_proyect/TP8_FInal/top/microblaze_0/standalone_microblaze_0/bsp/system.mss with des name system
TRACE::2023-02-14.22:47:48::SCWMssOS::Writing the mss file completed /home/danielito/Escritorio/Vivado_proyect/Vitis_proyect/TP8_FInal/top/microblaze_0/standalone_microblaze_0/bsp/system.mss
TRACE::2023-02-14.22:47:48::SCWMssOS::Commit changes completed.
TRACE::2023-02-14.22:47:48::SCWPlatform::Trying to open the hw design at /home/danielito/Escritorio/Vivado_proyect/Vitis_proyect/TP8_FInal/top/hw/top.xsa
TRACE::2023-02-14.22:47:48::SCWPlatform::DSA given /home/danielito/Escritorio/Vivado_proyect/Vitis_proyect/TP8_FInal/top/hw/top.xsa
TRACE::2023-02-14.22:47:48::SCWPlatform::DSA absoulate path /home/danielito/Escritorio/Vivado_proyect/Vitis_proyect/TP8_FInal/top/hw/top.xsa
TRACE::2023-02-14.22:47:48::SCWPlatform::DSA directory /home/danielito/Escritorio/Vivado_proyect/Vitis_proyect/TP8_FInal/top/hw
TRACE::2023-02-14.22:47:48::SCWPlatform:: Platform Path /home/danielito/Escritorio/Vivado_proyect/Vitis_proyect/TP8_FInal/top/hw/top.xsa
TRACE::2023-02-14.22:47:48::SCWPlatform:: Unique name xilinx:arty-a7-35::0.0
TRACE::2023-02-14.22:47:48::SCWPlatform::Trying to set the existing hwdb with name top_0
TRACE::2023-02-14.22:47:48::SCWPlatform::Opened existing hwdb top_0
TRACE::2023-02-14.22:47:48::SCWPlatform::Found the Hw Db part of the input DSA
TRACE::2023-02-14.22:47:48::SCWMssOS::Checking the sw design at  /home/danielito/Escritorio/Vivado_proyect/Vitis_proyect/TP8_FInal/top/microblaze_0/standalone_microblaze_0/bsp/system.mss
TRACE::2023-02-14.22:47:48::SCWMssOS::DEBUG:  swdes dump  /home/danielito/Escritorio/Vivado_proyect/Vitis_proyect/TP8_FInal/top/microblaze_0/standalone_microblaze_0/bsp/system.mss|system||

TRACE::2023-02-14.22:47:48::SCWMssOS::Sw design exists and opened at  /home/danielito/Escritorio/Vivado_proyect/Vitis_proyect/TP8_FInal/top/microblaze_0/standalone_microblaze_0/bsp/system.mss
TRACE::2023-02-14.22:47:48::SCWPlatform::Trying to open the hw design at /home/danielito/Escritorio/Vivado_proyect/Vitis_proyect/TP8_FInal/top/hw/top.xsa
TRACE::2023-02-14.22:47:48::SCWPlatform::DSA given /home/danielito/Escritorio/Vivado_proyect/Vitis_proyect/TP8_FInal/top/hw/top.xsa
TRACE::2023-02-14.22:47:48::SCWPlatform::DSA absoulate path /home/danielito/Escritorio/Vivado_proyect/Vitis_proyect/TP8_FInal/top/hw/top.xsa
TRACE::2023-02-14.22:47:48::SCWPlatform::DSA directory /home/danielito/Escritorio/Vivado_proyect/Vitis_proyect/TP8_FInal/top/hw
TRACE::2023-02-14.22:47:48::SCWPlatform:: Platform Path /home/danielito/Escritorio/Vivado_proyect/Vitis_proyect/TP8_FInal/top/hw/top.xsa
TRACE::2023-02-14.22:47:48::SCWPlatform:: Unique name xilinx:arty-a7-35::0.0
TRACE::2023-02-14.22:47:48::SCWPlatform::Trying to set the existing hwdb with name top_0
TRACE::2023-02-14.22:47:48::SCWPlatform::Opened existing hwdb top_0
TRACE::2023-02-14.22:47:48::SCWPlatform::Found the Hw Db part of the input DSA
TRACE::2023-02-14.22:47:48::SCWMssOS::Checking the sw design at  /home/danielito/Escritorio/Vivado_proyect/Vitis_proyect/TP8_FInal/top/microblaze_0/standalone_microblaze_0/bsp/system.mss
TRACE::2023-02-14.22:47:48::SCWMssOS::DEBUG:  swdes dump  /home/danielito/Escritorio/Vivado_proyect/Vitis_proyect/TP8_FInal/top/microblaze_0/standalone_microblaze_0/bsp/system.mss|system||

TRACE::2023-02-14.22:47:48::SCWMssOS::Sw design exists and opened at  /home/danielito/Escritorio/Vivado_proyect/Vitis_proyect/TP8_FInal/top/microblaze_0/standalone_microblaze_0/bsp/system.mss
TRACE::2023-02-14.22:47:48::SCWPlatform::Trying to open the hw design at /home/danielito/Escritorio/Vivado_proyect/Vitis_proyect/TP8_FInal/top/hw/top.xsa
TRACE::2023-02-14.22:47:48::SCWPlatform::DSA given /home/danielito/Escritorio/Vivado_proyect/Vitis_proyect/TP8_FInal/top/hw/top.xsa
TRACE::2023-02-14.22:47:48::SCWPlatform::DSA absoulate path /home/danielito/Escritorio/Vivado_proyect/Vitis_proyect/TP8_FInal/top/hw/top.xsa
TRACE::2023-02-14.22:47:48::SCWPlatform::DSA directory /home/danielito/Escritorio/Vivado_proyect/Vitis_proyect/TP8_FInal/top/hw
TRACE::2023-02-14.22:47:48::SCWPlatform:: Platform Path /home/danielito/Escritorio/Vivado_proyect/Vitis_proyect/TP8_FInal/top/hw/top.xsa
TRACE::2023-02-14.22:47:48::SCWPlatform:: Unique name xilinx:arty-a7-35::0.0
TRACE::2023-02-14.22:47:48::SCWPlatform::Trying to set the existing hwdb with name top_0
TRACE::2023-02-14.22:47:48::SCWPlatform::Opened existing hwdb top_0
TRACE::2023-02-14.22:47:48::SCWPlatform::Found the Hw Db part of the input DSA
TRACE::2023-02-14.22:47:48::SCWMssOS::Checking the sw design at  /home/danielito/Escritorio/Vivado_proyect/Vitis_proyect/TP8_FInal/top/microblaze_0/standalone_microblaze_0/bsp/system.mss
TRACE::2023-02-14.22:47:48::SCWMssOS::DEBUG:  swdes dump  /home/danielito/Escritorio/Vivado_proyect/Vitis_proyect/TP8_FInal/top/microblaze_0/standalone_microblaze_0/bsp/system.mss|system||

TRACE::2023-02-14.22:47:48::SCWMssOS::Sw design exists and opened at  /home/danielito/Escritorio/Vivado_proyect/Vitis_proyect/TP8_FInal/top/microblaze_0/standalone_microblaze_0/bsp/system.mss
TRACE::2023-02-14.22:47:48::SCWWriter::formatted JSON is {
	"platformName":	"top",
	"sprVersion":	"2.0",
	"mode":	"gui",
	"dsaType":	"Fixed",
	"platformDesc":	"top",
	"platHandOff":	"/home/danielito/Escritorio/Vivado_proyect/project_8_MIcroBlazerConTrama/top.xsa",
	"platIntHandOff":	"<platformDir>/hw/top.xsa",
	"deviceType":	"FPGA",
	"platIsPrebuiltAutogen":	"false",
	"platIsNoBootBsp":	"false",
	"hasFsblMakeHasChanges":	"false",
	"hasPmufwMakeHasChanges":	"false",
	"platPreBuiltFlag":	false,
	"platformSamplesDir":	"",
	"platActiveSys":	"top",
	"systems":	[{
			"systemName":	"top",
			"systemDesc":	"top",
			"sysIsBootAutoGen":	"true",
			"systemDispName":	"top",
			"sysActiveDom":	"standalone_microblaze_0",
			"sysDefaultDom":	"standalone_microblaze_0",
			"domains":	[{
					"domainName":	"standalone_microblaze_0",
					"domainDispName":	"standalone_microblaze_0",
					"domainDesc":	"standalone_microblaze_0",
					"processors":	"microblaze_0",
					"os":	"standalone",
					"sdxOs":	"standalone",
					"debugEnable":	"False",
					"domRuntimes":	["cpp"],
					"swRepo":	"",
					"mssOsVer":	"7.3",
					"mssFile":	"",
					"md5Digest":	"641bf7107b1a0162d4bee8cefc2748ae",
					"compatibleApp":	"hello_world",
					"domType":	"mssDomain",
					"arch":	"32-bit",
					"appSettings":	{
						"appCompilerFlags":	"",
						"appLinkerFlags":	""
					},
					"addedLibs":	[],
					"libOptions":	{
						"libsContainingOptions":	[]
					},
					"prebuiltLibs":	{
						"prebuiltIncPath":	[],
						"prebuiltLibPath":	[]
					},
					"isolation":	{
					}
				}]
		}]
}
LOG::2023-02-14.22:47:48::SCWPlatform::Started generating the artifacts platform top
TRACE::2023-02-14.22:47:48::SCWPlatform::Sanity checking of platform is completed
LOG::2023-02-14.22:47:48::SCWPlatform::Started generating the artifacts for system configuration top
LOG::2023-02-14.22:47:48::SCWSystem::Checking the domain standalone_microblaze_0
LOG::2023-02-14.22:47:48::SCWSystem::Not a boot domain 
LOG::2023-02-14.22:47:48::SCWSystem::Started Processing the domain standalone_microblaze_0
TRACE::2023-02-14.22:47:48::SCWDomain::Generating domain artifcats
TRACE::2023-02-14.22:47:48::SCWMssOS::Generating standalone artifcats
TRACE::2023-02-14.22:47:48::SCWMssOS:: Copying the user libraries. 
TRACE::2023-02-14.22:47:48::SCWPlatform::Trying to open the hw design at /home/danielito/Escritorio/Vivado_proyect/Vitis_proyect/TP8_FInal/top/hw/top.xsa
TRACE::2023-02-14.22:47:48::SCWPlatform::DSA given /home/danielito/Escritorio/Vivado_proyect/Vitis_proyect/TP8_FInal/top/hw/top.xsa
TRACE::2023-02-14.22:47:48::SCWPlatform::DSA absoulate path /home/danielito/Escritorio/Vivado_proyect/Vitis_proyect/TP8_FInal/top/hw/top.xsa
TRACE::2023-02-14.22:47:48::SCWPlatform::DSA directory /home/danielito/Escritorio/Vivado_proyect/Vitis_proyect/TP8_FInal/top/hw
TRACE::2023-02-14.22:47:48::SCWPlatform:: Platform Path /home/danielito/Escritorio/Vivado_proyect/Vitis_proyect/TP8_FInal/top/hw/top.xsa
TRACE::2023-02-14.22:47:48::SCWPlatform:: Unique name xilinx:arty-a7-35::0.0
TRACE::2023-02-14.22:47:48::SCWPlatform::Trying to set the existing hwdb with name top_0
TRACE::2023-02-14.22:47:48::SCWPlatform::Opened existing hwdb top_0
TRACE::2023-02-14.22:47:48::SCWPlatform::Found the Hw Db part of the input DSA
TRACE::2023-02-14.22:47:48::SCWMssOS::Checking the sw design at  /home/danielito/Escritorio/Vivado_proyect/Vitis_proyect/TP8_FInal/top/microblaze_0/standalone_microblaze_0/bsp/system.mss
TRACE::2023-02-14.22:47:48::SCWMssOS::DEBUG:  swdes dump  /home/danielito/Escritorio/Vivado_proyect/Vitis_proyect/TP8_FInal/top/microblaze_0/standalone_microblaze_0/bsp/system.mss|system||

TRACE::2023-02-14.22:47:48::SCWMssOS::Sw design exists and opened at  /home/danielito/Escritorio/Vivado_proyect/Vitis_proyect/TP8_FInal/top/microblaze_0/standalone_microblaze_0/bsp/system.mss
TRACE::2023-02-14.22:47:48::SCWMssOS::Completed writing the mss file at /home/danielito/Escritorio/Vivado_proyect/Vitis_proyect/TP8_FInal/top/microblaze_0/standalone_microblaze_0/bsp
TRACE::2023-02-14.22:47:48::SCWMssOS::Mss edits present, copying mssfile into export location /home/danielito/Escritorio/Vivado_proyect/Vitis_proyect/TP8_FInal/top/microblaze_0/standalone_microblaze_0/bsp/system.mss
TRACE::2023-02-14.22:47:48::SCWMssOS::bsp generated is upto date with the mss file. Skipping bsp generation.
TRACE::2023-02-14.22:47:48::SCWMssOS::BSP is already built. skipping the bsp build ... 
TRACE::2023-02-14.22:47:48::SCWDomain::Skipping the build for domain :  standalone_microblaze_0
TRACE::2023-02-14.22:47:48::SCWMssOS::skipping the bsp build ... 
TRACE::2023-02-14.22:47:48::SCWMssOS::Copying to export directory.
TRACE::2023-02-14.22:47:48::SCWMssOS:: Checking if to create the Supporting Applications
TRACE::2023-02-14.22:47:48::SCWMssOS:: No Linux domain exists, trying to generate FSBL 
LOG::2023-02-14.22:47:48::SCWSystem::Completed Processing the domain standalone_microblaze_0
LOG::2023-02-14.22:47:48::SCWSystem::Completed Processing the sysconfig top
LOG::2023-02-14.22:47:48::SCWPlatform::Completed generating the artifacts for system configuration top
TRACE::2023-02-14.22:47:48::SCWPlatform::Started preparing the platform 
TRACE::2023-02-14.22:47:48::SCWSystem::Writing the bif file for system config top
TRACE::2023-02-14.22:47:48::SCWSystem::dir created 
TRACE::2023-02-14.22:47:48::SCWSystem::Writing the bif 
TRACE::2023-02-14.22:47:48::SCWPlatform::Started writing the spfm file 
TRACE::2023-02-14.22:47:48::SCWPlatform::Started writing the xpfm file 
TRACE::2023-02-14.22:47:48::SCWPlatform::Completed generating the platform
TRACE::2023-02-14.22:47:48::SCWMssOS::Saving the mss changes /home/danielito/Escritorio/Vivado_proyect/Vitis_proyect/TP8_FInal/top/microblaze_0/standalone_microblaze_0/bsp/system.mss
TRACE::2023-02-14.22:47:48::SCWMssOS::Found a swdesign opened with the mssfile.
TRACE::2023-02-14.22:47:48::SCWMssOS::Completed writemss as part of save.
TRACE::2023-02-14.22:47:48::SCWMssOS::Commit changes completed.
TRACE::2023-02-14.22:47:48::SCWPlatform::Trying to open the hw design at /home/danielito/Escritorio/Vivado_proyect/Vitis_proyect/TP8_FInal/top/hw/top.xsa
TRACE::2023-02-14.22:47:48::SCWPlatform::DSA given /home/danielito/Escritorio/Vivado_proyect/Vitis_proyect/TP8_FInal/top/hw/top.xsa
TRACE::2023-02-14.22:47:48::SCWPlatform::DSA absoulate path /home/danielito/Escritorio/Vivado_proyect/Vitis_proyect/TP8_FInal/top/hw/top.xsa
TRACE::2023-02-14.22:47:48::SCWPlatform::DSA directory /home/danielito/Escritorio/Vivado_proyect/Vitis_proyect/TP8_FInal/top/hw
TRACE::2023-02-14.22:47:48::SCWPlatform:: Platform Path /home/danielito/Escritorio/Vivado_proyect/Vitis_proyect/TP8_FInal/top/hw/top.xsa
TRACE::2023-02-14.22:47:48::SCWPlatform:: Unique name xilinx:arty-a7-35::0.0
TRACE::2023-02-14.22:47:48::SCWPlatform::Trying to set the existing hwdb with name top_0
TRACE::2023-02-14.22:47:48::SCWPlatform::Opened existing hwdb top_0
TRACE::2023-02-14.22:47:48::SCWPlatform::Found the Hw Db part of the input DSA
TRACE::2023-02-14.22:47:48::SCWMssOS::Checking the sw design at  /home/danielito/Escritorio/Vivado_proyect/Vitis_proyect/TP8_FInal/top/microblaze_0/standalone_microblaze_0/bsp/system.mss
TRACE::2023-02-14.22:47:48::SCWMssOS::DEBUG:  swdes dump  /home/danielito/Escritorio/Vivado_proyect/Vitis_proyect/TP8_FInal/top/microblaze_0/standalone_microblaze_0/bsp/system.mss|system||

TRACE::2023-02-14.22:47:48::SCWMssOS::Sw design exists and opened at  /home/danielito/Escritorio/Vivado_proyect/Vitis_proyect/TP8_FInal/top/microblaze_0/standalone_microblaze_0/bsp/system.mss
TRACE::2023-02-14.22:47:48::SCWPlatform::Trying to open the hw design at /home/danielito/Escritorio/Vivado_proyect/Vitis_proyect/TP8_FInal/top/hw/top.xsa
TRACE::2023-02-14.22:47:48::SCWPlatform::DSA given /home/danielito/Escritorio/Vivado_proyect/Vitis_proyect/TP8_FInal/top/hw/top.xsa
TRACE::2023-02-14.22:47:48::SCWPlatform::DSA absoulate path /home/danielito/Escritorio/Vivado_proyect/Vitis_proyect/TP8_FInal/top/hw/top.xsa
TRACE::2023-02-14.22:47:48::SCWPlatform::DSA directory /home/danielito/Escritorio/Vivado_proyect/Vitis_proyect/TP8_FInal/top/hw
TRACE::2023-02-14.22:47:48::SCWPlatform:: Platform Path /home/danielito/Escritorio/Vivado_proyect/Vitis_proyect/TP8_FInal/top/hw/top.xsa
TRACE::2023-02-14.22:47:48::SCWPlatform:: Unique name xilinx:arty-a7-35::0.0
TRACE::2023-02-14.22:47:48::SCWPlatform::Trying to set the existing hwdb with name top_0
TRACE::2023-02-14.22:47:48::SCWPlatform::Opened existing hwdb top_0
TRACE::2023-02-14.22:47:48::SCWPlatform::Found the Hw Db part of the input DSA
TRACE::2023-02-14.22:47:48::SCWMssOS::Checking the sw design at  /home/danielito/Escritorio/Vivado_proyect/Vitis_proyect/TP8_FInal/top/microblaze_0/standalone_microblaze_0/bsp/system.mss
TRACE::2023-02-14.22:47:48::SCWMssOS::DEBUG:  swdes dump  /home/danielito/Escritorio/Vivado_proyect/Vitis_proyect/TP8_FInal/top/microblaze_0/standalone_microblaze_0/bsp/system.mss|system||

TRACE::2023-02-14.22:47:48::SCWMssOS::Sw design exists and opened at  /home/danielito/Escritorio/Vivado_proyect/Vitis_proyect/TP8_FInal/top/microblaze_0/standalone_microblaze_0/bsp/system.mss
TRACE::2023-02-14.22:47:48::SCWPlatform::Trying to open the hw design at /home/danielito/Escritorio/Vivado_proyect/Vitis_proyect/TP8_FInal/top/hw/top.xsa
TRACE::2023-02-14.22:47:48::SCWPlatform::DSA given /home/danielito/Escritorio/Vivado_proyect/Vitis_proyect/TP8_FInal/top/hw/top.xsa
TRACE::2023-02-14.22:47:48::SCWPlatform::DSA absoulate path /home/danielito/Escritorio/Vivado_proyect/Vitis_proyect/TP8_FInal/top/hw/top.xsa
TRACE::2023-02-14.22:47:48::SCWPlatform::DSA directory /home/danielito/Escritorio/Vivado_proyect/Vitis_proyect/TP8_FInal/top/hw
TRACE::2023-02-14.22:47:48::SCWPlatform:: Platform Path /home/danielito/Escritorio/Vivado_proyect/Vitis_proyect/TP8_FInal/top/hw/top.xsa
TRACE::2023-02-14.22:47:48::SCWPlatform:: Unique name xilinx:arty-a7-35::0.0
TRACE::2023-02-14.22:47:48::SCWPlatform::Trying to set the existing hwdb with name top_0
TRACE::2023-02-14.22:47:48::SCWPlatform::Opened existing hwdb top_0
TRACE::2023-02-14.22:47:48::SCWPlatform::Found the Hw Db part of the input DSA
TRACE::2023-02-14.22:47:48::SCWMssOS::Checking the sw design at  /home/danielito/Escritorio/Vivado_proyect/Vitis_proyect/TP8_FInal/top/microblaze_0/standalone_microblaze_0/bsp/system.mss
TRACE::2023-02-14.22:47:48::SCWMssOS::DEBUG:  swdes dump  /home/danielito/Escritorio/Vivado_proyect/Vitis_proyect/TP8_FInal/top/microblaze_0/standalone_microblaze_0/bsp/system.mss|system||

TRACE::2023-02-14.22:47:48::SCWMssOS::Sw design exists and opened at  /home/danielito/Escritorio/Vivado_proyect/Vitis_proyect/TP8_FInal/top/microblaze_0/standalone_microblaze_0/bsp/system.mss
TRACE::2023-02-14.22:47:48::SCWWriter::formatted JSON is {
	"platformName":	"top",
	"sprVersion":	"2.0",
	"mode":	"gui",
	"dsaType":	"Fixed",
	"platformDesc":	"top",
	"platHandOff":	"/home/danielito/Escritorio/Vivado_proyect/project_8_MIcroBlazerConTrama/top.xsa",
	"platIntHandOff":	"<platformDir>/hw/top.xsa",
	"deviceType":	"FPGA",
	"platIsPrebuiltAutogen":	"false",
	"platIsNoBootBsp":	"false",
	"hasFsblMakeHasChanges":	"false",
	"hasPmufwMakeHasChanges":	"false",
	"platPreBuiltFlag":	false,
	"platformSamplesDir":	"",
	"platActiveSys":	"top",
	"systems":	[{
			"systemName":	"top",
			"systemDesc":	"top",
			"sysIsBootAutoGen":	"true",
			"systemDispName":	"top",
			"sysActiveDom":	"standalone_microblaze_0",
			"sysDefaultDom":	"standalone_microblaze_0",
			"domains":	[{
					"domainName":	"standalone_microblaze_0",
					"domainDispName":	"standalone_microblaze_0",
					"domainDesc":	"standalone_microblaze_0",
					"processors":	"microblaze_0",
					"os":	"standalone",
					"sdxOs":	"standalone",
					"debugEnable":	"False",
					"domRuntimes":	["cpp"],
					"swRepo":	"",
					"mssOsVer":	"7.3",
					"mssFile":	"",
					"md5Digest":	"641bf7107b1a0162d4bee8cefc2748ae",
					"compatibleApp":	"hello_world",
					"domType":	"mssDomain",
					"arch":	"32-bit",
					"appSettings":	{
						"appCompilerFlags":	"",
						"appLinkerFlags":	""
					},
					"addedLibs":	[],
					"libOptions":	{
						"libsContainingOptions":	[]
					},
					"prebuiltLibs":	{
						"prebuiltIncPath":	[],
						"prebuiltLibPath":	[]
					},
					"isolation":	{
					}
				}]
		}]
}
KEYINFO::2023-02-14.22:47:48::SCWPlatform::updated the xpfm file.
TRACE::2023-02-14.22:47:48::SCWPlatform::Trying to open the hw design at /home/danielito/Escritorio/Vivado_proyect/Vitis_proyect/TP8_FInal/top/hw/top.xsa
TRACE::2023-02-14.22:47:48::SCWPlatform::DSA given /home/danielito/Escritorio/Vivado_proyect/Vitis_proyect/TP8_FInal/top/hw/top.xsa
TRACE::2023-02-14.22:47:48::SCWPlatform::DSA absoulate path /home/danielito/Escritorio/Vivado_proyect/Vitis_proyect/TP8_FInal/top/hw/top.xsa
TRACE::2023-02-14.22:47:48::SCWPlatform::DSA directory /home/danielito/Escritorio/Vivado_proyect/Vitis_proyect/TP8_FInal/top/hw
TRACE::2023-02-14.22:47:48::SCWPlatform:: Platform Path /home/danielito/Escritorio/Vivado_proyect/Vitis_proyect/TP8_FInal/top/hw/top.xsa
TRACE::2023-02-14.22:47:48::SCWPlatform:: Unique name xilinx:arty-a7-35::0.0
TRACE::2023-02-14.22:47:48::SCWPlatform::Trying to set the existing hwdb with name top_0
TRACE::2023-02-14.22:47:48::SCWPlatform::Opened existing hwdb top_0
TRACE::2023-02-14.22:47:48::SCWPlatform::Found the Hw Db part of the input DSA
TRACE::2023-02-14.22:47:48::SCWMssOS::Checking the sw design at  /home/danielito/Escritorio/Vivado_proyect/Vitis_proyect/TP8_FInal/top/microblaze_0/standalone_microblaze_0/bsp/system.mss
TRACE::2023-02-14.22:47:48::SCWMssOS::DEBUG:  swdes dump  /home/danielito/Escritorio/Vivado_proyect/Vitis_proyect/TP8_FInal/top/microblaze_0/standalone_microblaze_0/bsp/system.mss|system||

TRACE::2023-02-14.22:47:48::SCWMssOS::Sw design exists and opened at  /home/danielito/Escritorio/Vivado_proyect/Vitis_proyect/TP8_FInal/top/microblaze_0/standalone_microblaze_0/bsp/system.mss
TRACE::2023-02-14.22:47:48::SCWMssOS::Saving the mss changes /home/danielito/Escritorio/Vivado_proyect/Vitis_proyect/TP8_FInal/top/microblaze_0/standalone_microblaze_0/bsp/system.mss
TRACE::2023-02-14.22:47:48::SCWMssOS::Found a swdesign opened with the mssfile.
TRACE::2023-02-14.22:47:48::SCWMssOS::Completed writemss as part of save.
TRACE::2023-02-14.22:47:48::SCWMssOS::Commit changes completed.
TRACE::2023-02-14.22:47:48::SCWPlatform::Trying to open the hw design at /home/danielito/Escritorio/Vivado_proyect/Vitis_proyect/TP8_FInal/top/hw/top.xsa
TRACE::2023-02-14.22:47:48::SCWPlatform::DSA given /home/danielito/Escritorio/Vivado_proyect/Vitis_proyect/TP8_FInal/top/hw/top.xsa
TRACE::2023-02-14.22:47:48::SCWPlatform::DSA absoulate path /home/danielito/Escritorio/Vivado_proyect/Vitis_proyect/TP8_FInal/top/hw/top.xsa
TRACE::2023-02-14.22:47:48::SCWPlatform::DSA directory /home/danielito/Escritorio/Vivado_proyect/Vitis_proyect/TP8_FInal/top/hw
TRACE::2023-02-14.22:47:48::SCWPlatform:: Platform Path /home/danielito/Escritorio/Vivado_proyect/Vitis_proyect/TP8_FInal/top/hw/top.xsa
TRACE::2023-02-14.22:47:48::SCWPlatform:: Unique name xilinx:arty-a7-35::0.0
TRACE::2023-02-14.22:47:48::SCWPlatform::Trying to set the existing hwdb with name top_0
TRACE::2023-02-14.22:47:48::SCWPlatform::Opened existing hwdb top_0
TRACE::2023-02-14.22:47:48::SCWPlatform::Found the Hw Db part of the input DSA
TRACE::2023-02-14.22:47:48::SCWMssOS::Checking the sw design at  /home/danielito/Escritorio/Vivado_proyect/Vitis_proyect/TP8_FInal/top/microblaze_0/standalone_microblaze_0/bsp/system.mss
TRACE::2023-02-14.22:47:48::SCWMssOS::DEBUG:  swdes dump  /home/danielito/Escritorio/Vivado_proyect/Vitis_proyect/TP8_FInal/top/microblaze_0/standalone_microblaze_0/bsp/system.mss|system||

TRACE::2023-02-14.22:47:48::SCWMssOS::Sw design exists and opened at  /home/danielito/Escritorio/Vivado_proyect/Vitis_proyect/TP8_FInal/top/microblaze_0/standalone_microblaze_0/bsp/system.mss
TRACE::2023-02-14.22:47:48::SCWPlatform::Trying to open the hw design at /home/danielito/Escritorio/Vivado_proyect/Vitis_proyect/TP8_FInal/top/hw/top.xsa
TRACE::2023-02-14.22:47:48::SCWPlatform::DSA given /home/danielito/Escritorio/Vivado_proyect/Vitis_proyect/TP8_FInal/top/hw/top.xsa
TRACE::2023-02-14.22:47:48::SCWPlatform::DSA absoulate path /home/danielito/Escritorio/Vivado_proyect/Vitis_proyect/TP8_FInal/top/hw/top.xsa
TRACE::2023-02-14.22:47:48::SCWPlatform::DSA directory /home/danielito/Escritorio/Vivado_proyect/Vitis_proyect/TP8_FInal/top/hw
TRACE::2023-02-14.22:47:48::SCWPlatform:: Platform Path /home/danielito/Escritorio/Vivado_proyect/Vitis_proyect/TP8_FInal/top/hw/top.xsa
TRACE::2023-02-14.22:47:48::SCWPlatform:: Unique name xilinx:arty-a7-35::0.0
TRACE::2023-02-14.22:47:48::SCWPlatform::Trying to set the existing hwdb with name top_0
TRACE::2023-02-14.22:47:48::SCWPlatform::Opened existing hwdb top_0
TRACE::2023-02-14.22:47:48::SCWPlatform::Found the Hw Db part of the input DSA
TRACE::2023-02-14.22:47:48::SCWMssOS::Checking the sw design at  /home/danielito/Escritorio/Vivado_proyect/Vitis_proyect/TP8_FInal/top/microblaze_0/standalone_microblaze_0/bsp/system.mss
TRACE::2023-02-14.22:47:48::SCWMssOS::DEBUG:  swdes dump  /home/danielito/Escritorio/Vivado_proyect/Vitis_proyect/TP8_FInal/top/microblaze_0/standalone_microblaze_0/bsp/system.mss|system||

TRACE::2023-02-14.22:47:48::SCWMssOS::Sw design exists and opened at  /home/danielito/Escritorio/Vivado_proyect/Vitis_proyect/TP8_FInal/top/microblaze_0/standalone_microblaze_0/bsp/system.mss
TRACE::2023-02-14.22:47:48::SCWPlatform::Trying to open the hw design at /home/danielito/Escritorio/Vivado_proyect/Vitis_proyect/TP8_FInal/top/hw/top.xsa
TRACE::2023-02-14.22:47:48::SCWPlatform::DSA given /home/danielito/Escritorio/Vivado_proyect/Vitis_proyect/TP8_FInal/top/hw/top.xsa
TRACE::2023-02-14.22:47:48::SCWPlatform::DSA absoulate path /home/danielito/Escritorio/Vivado_proyect/Vitis_proyect/TP8_FInal/top/hw/top.xsa
TRACE::2023-02-14.22:47:48::SCWPlatform::DSA directory /home/danielito/Escritorio/Vivado_proyect/Vitis_proyect/TP8_FInal/top/hw
TRACE::2023-02-14.22:47:48::SCWPlatform:: Platform Path /home/danielito/Escritorio/Vivado_proyect/Vitis_proyect/TP8_FInal/top/hw/top.xsa
TRACE::2023-02-14.22:47:48::SCWPlatform:: Unique name xilinx:arty-a7-35::0.0
TRACE::2023-02-14.22:47:48::SCWPlatform::Trying to set the existing hwdb with name top_0
TRACE::2023-02-14.22:47:48::SCWPlatform::Opened existing hwdb top_0
TRACE::2023-02-14.22:47:48::SCWPlatform::Found the Hw Db part of the input DSA
TRACE::2023-02-14.22:47:48::SCWMssOS::Checking the sw design at  /home/danielito/Escritorio/Vivado_proyect/Vitis_proyect/TP8_FInal/top/microblaze_0/standalone_microblaze_0/bsp/system.mss
TRACE::2023-02-14.22:47:48::SCWMssOS::DEBUG:  swdes dump  /home/danielito/Escritorio/Vivado_proyect/Vitis_proyect/TP8_FInal/top/microblaze_0/standalone_microblaze_0/bsp/system.mss|system||

TRACE::2023-02-14.22:47:48::SCWMssOS::Sw design exists and opened at  /home/danielito/Escritorio/Vivado_proyect/Vitis_proyect/TP8_FInal/top/microblaze_0/standalone_microblaze_0/bsp/system.mss
TRACE::2023-02-14.22:47:48::SCWWriter::formatted JSON is {
	"platformName":	"top",
	"sprVersion":	"2.0",
	"mode":	"gui",
	"dsaType":	"Fixed",
	"platformDesc":	"top",
	"platHandOff":	"/home/danielito/Escritorio/Vivado_proyect/project_8_MIcroBlazerConTrama/top.xsa",
	"platIntHandOff":	"<platformDir>/hw/top.xsa",
	"deviceType":	"FPGA",
	"platIsPrebuiltAutogen":	"false",
	"platIsNoBootBsp":	"false",
	"hasFsblMakeHasChanges":	"false",
	"hasPmufwMakeHasChanges":	"false",
	"platPreBuiltFlag":	false,
	"platformSamplesDir":	"",
	"platActiveSys":	"top",
	"systems":	[{
			"systemName":	"top",
			"systemDesc":	"top",
			"sysIsBootAutoGen":	"true",
			"systemDispName":	"top",
			"sysActiveDom":	"standalone_microblaze_0",
			"sysDefaultDom":	"standalone_microblaze_0",
			"domains":	[{
					"domainName":	"standalone_microblaze_0",
					"domainDispName":	"standalone_microblaze_0",
					"domainDesc":	"standalone_microblaze_0",
					"processors":	"microblaze_0",
					"os":	"standalone",
					"sdxOs":	"standalone",
					"debugEnable":	"False",
					"domRuntimes":	["cpp"],
					"swRepo":	"",
					"mssOsVer":	"7.3",
					"mssFile":	"",
					"md5Digest":	"641bf7107b1a0162d4bee8cefc2748ae",
					"compatibleApp":	"hello_world",
					"domType":	"mssDomain",
					"arch":	"32-bit",
					"appSettings":	{
						"appCompilerFlags":	"",
						"appLinkerFlags":	""
					},
					"addedLibs":	[],
					"libOptions":	{
						"libsContainingOptions":	[]
					},
					"prebuiltLibs":	{
						"prebuiltIncPath":	[],
						"prebuiltLibPath":	[]
					},
					"isolation":	{
					}
				}]
		}]
}
TRACE::2023-02-14.22:47:48::SCWPlatform::Trying to open the hw design at /home/danielito/Escritorio/Vivado_proyect/Vitis_proyect/TP8_FInal/top/hw/top.xsa
TRACE::2023-02-14.22:47:48::SCWPlatform::DSA given /home/danielito/Escritorio/Vivado_proyect/Vitis_proyect/TP8_FInal/top/hw/top.xsa
TRACE::2023-02-14.22:47:48::SCWPlatform::DSA absoulate path /home/danielito/Escritorio/Vivado_proyect/Vitis_proyect/TP8_FInal/top/hw/top.xsa
TRACE::2023-02-14.22:47:48::SCWPlatform::DSA directory /home/danielito/Escritorio/Vivado_proyect/Vitis_proyect/TP8_FInal/top/hw
TRACE::2023-02-14.22:47:48::SCWPlatform:: Platform Path /home/danielito/Escritorio/Vivado_proyect/Vitis_proyect/TP8_FInal/top/hw/top.xsa
TRACE::2023-02-14.22:47:48::SCWPlatform:: Unique name xilinx:arty-a7-35::0.0
TRACE::2023-02-14.22:47:48::SCWPlatform::Trying to set the existing hwdb with name top_0
TRACE::2023-02-14.22:47:48::SCWPlatform::Opened existing hwdb top_0
TRACE::2023-02-14.22:47:48::SCWPlatform::Found the Hw Db part of the input DSA
TRACE::2023-02-14.22:47:48::SCWMssOS::Checking the sw design at  /home/danielito/Escritorio/Vivado_proyect/Vitis_proyect/TP8_FInal/top/microblaze_0/standalone_microblaze_0/bsp/system.mss
TRACE::2023-02-14.22:47:48::SCWMssOS::DEBUG:  swdes dump  /home/danielito/Escritorio/Vivado_proyect/Vitis_proyect/TP8_FInal/top/microblaze_0/standalone_microblaze_0/bsp/system.mss|system||

TRACE::2023-02-14.22:47:48::SCWMssOS::Sw design exists and opened at  /home/danielito/Escritorio/Vivado_proyect/Vitis_proyect/TP8_FInal/top/microblaze_0/standalone_microblaze_0/bsp/system.mss
TRACE::2023-02-14.22:47:48::SCWPlatform::Trying to open the hw design at /home/danielito/Escritorio/Vivado_proyect/Vitis_proyect/TP8_FInal/top/hw/top.xsa
TRACE::2023-02-14.22:47:48::SCWPlatform::DSA given /home/danielito/Escritorio/Vivado_proyect/Vitis_proyect/TP8_FInal/top/hw/top.xsa
TRACE::2023-02-14.22:47:48::SCWPlatform::DSA absoulate path /home/danielito/Escritorio/Vivado_proyect/Vitis_proyect/TP8_FInal/top/hw/top.xsa
TRACE::2023-02-14.22:47:48::SCWPlatform::DSA directory /home/danielito/Escritorio/Vivado_proyect/Vitis_proyect/TP8_FInal/top/hw
TRACE::2023-02-14.22:47:48::SCWPlatform:: Platform Path /home/danielito/Escritorio/Vivado_proyect/Vitis_proyect/TP8_FInal/top/hw/top.xsa
TRACE::2023-02-14.22:47:48::SCWPlatform:: Unique name xilinx:arty-a7-35::0.0
TRACE::2023-02-14.22:47:48::SCWPlatform::Trying to set the existing hwdb with name top_0
TRACE::2023-02-14.22:47:48::SCWPlatform::Opened existing hwdb top_0
TRACE::2023-02-14.22:47:48::SCWPlatform::Found the Hw Db part of the input DSA
TRACE::2023-02-14.22:47:48::SCWMssOS::Checking the sw design at  /home/danielito/Escritorio/Vivado_proyect/Vitis_proyect/TP8_FInal/top/microblaze_0/standalone_microblaze_0/bsp/system.mss
TRACE::2023-02-14.22:47:48::SCWMssOS::DEBUG:  swdes dump  /home/danielito/Escritorio/Vivado_proyect/Vitis_proyect/TP8_FInal/top/microblaze_0/standalone_microblaze_0/bsp/system.mss|system||

TRACE::2023-02-14.22:47:48::SCWMssOS::Sw design exists and opened at  /home/danielito/Escritorio/Vivado_proyect/Vitis_proyect/TP8_FInal/top/microblaze_0/standalone_microblaze_0/bsp/system.mss
TRACE::2023-02-14.22:47:48::SCWMssOS::Saving the mss changes /home/danielito/Escritorio/Vivado_proyect/Vitis_proyect/TP8_FInal/top/microblaze_0/standalone_microblaze_0/bsp/system.mss
TRACE::2023-02-14.22:47:48::SCWMssOS::Found a swdesign opened with the mssfile.
TRACE::2023-02-14.22:47:48::SCWMssOS::Completed writemss as part of save.
TRACE::2023-02-14.22:47:48::SCWMssOS::Commit changes completed.
TRACE::2023-02-14.22:47:48::SCWPlatform::Trying to open the hw design at /home/danielito/Escritorio/Vivado_proyect/Vitis_proyect/TP8_FInal/top/hw/top.xsa
TRACE::2023-02-14.22:47:48::SCWPlatform::DSA given /home/danielito/Escritorio/Vivado_proyect/Vitis_proyect/TP8_FInal/top/hw/top.xsa
TRACE::2023-02-14.22:47:48::SCWPlatform::DSA absoulate path /home/danielito/Escritorio/Vivado_proyect/Vitis_proyect/TP8_FInal/top/hw/top.xsa
TRACE::2023-02-14.22:47:48::SCWPlatform::DSA directory /home/danielito/Escritorio/Vivado_proyect/Vitis_proyect/TP8_FInal/top/hw
TRACE::2023-02-14.22:47:48::SCWPlatform:: Platform Path /home/danielito/Escritorio/Vivado_proyect/Vitis_proyect/TP8_FInal/top/hw/top.xsa
TRACE::2023-02-14.22:47:48::SCWPlatform:: Unique name xilinx:arty-a7-35::0.0
TRACE::2023-02-14.22:47:48::SCWPlatform::Trying to set the existing hwdb with name top_0
TRACE::2023-02-14.22:47:48::SCWPlatform::Opened existing hwdb top_0
TRACE::2023-02-14.22:47:48::SCWPlatform::Found the Hw Db part of the input DSA
TRACE::2023-02-14.22:47:48::SCWMssOS::Checking the sw design at  /home/danielito/Escritorio/Vivado_proyect/Vitis_proyect/TP8_FInal/top/microblaze_0/standalone_microblaze_0/bsp/system.mss
TRACE::2023-02-14.22:47:48::SCWMssOS::DEBUG:  swdes dump  /home/danielito/Escritorio/Vivado_proyect/Vitis_proyect/TP8_FInal/top/microblaze_0/standalone_microblaze_0/bsp/system.mss|system||

TRACE::2023-02-14.22:47:48::SCWMssOS::Sw design exists and opened at  /home/danielito/Escritorio/Vivado_proyect/Vitis_proyect/TP8_FInal/top/microblaze_0/standalone_microblaze_0/bsp/system.mss
TRACE::2023-02-14.22:47:48::SCWPlatform::Trying to open the hw design at /home/danielito/Escritorio/Vivado_proyect/Vitis_proyect/TP8_FInal/top/hw/top.xsa
TRACE::2023-02-14.22:47:48::SCWPlatform::DSA given /home/danielito/Escritorio/Vivado_proyect/Vitis_proyect/TP8_FInal/top/hw/top.xsa
TRACE::2023-02-14.22:47:48::SCWPlatform::DSA absoulate path /home/danielito/Escritorio/Vivado_proyect/Vitis_proyect/TP8_FInal/top/hw/top.xsa
TRACE::2023-02-14.22:47:48::SCWPlatform::DSA directory /home/danielito/Escritorio/Vivado_proyect/Vitis_proyect/TP8_FInal/top/hw
TRACE::2023-02-14.22:47:48::SCWPlatform:: Platform Path /home/danielito/Escritorio/Vivado_proyect/Vitis_proyect/TP8_FInal/top/hw/top.xsa
TRACE::2023-02-14.22:47:48::SCWPlatform:: Unique name xilinx:arty-a7-35::0.0
TRACE::2023-02-14.22:47:48::SCWPlatform::Trying to set the existing hwdb with name top_0
TRACE::2023-02-14.22:47:48::SCWPlatform::Opened existing hwdb top_0
TRACE::2023-02-14.22:47:48::SCWPlatform::Found the Hw Db part of the input DSA
TRACE::2023-02-14.22:47:48::SCWMssOS::Checking the sw design at  /home/danielito/Escritorio/Vivado_proyect/Vitis_proyect/TP8_FInal/top/microblaze_0/standalone_microblaze_0/bsp/system.mss
TRACE::2023-02-14.22:47:48::SCWMssOS::DEBUG:  swdes dump  /home/danielito/Escritorio/Vivado_proyect/Vitis_proyect/TP8_FInal/top/microblaze_0/standalone_microblaze_0/bsp/system.mss|system||

TRACE::2023-02-14.22:47:48::SCWMssOS::Sw design exists and opened at  /home/danielito/Escritorio/Vivado_proyect/Vitis_proyect/TP8_FInal/top/microblaze_0/standalone_microblaze_0/bsp/system.mss
TRACE::2023-02-14.22:47:48::SCWPlatform::Trying to open the hw design at /home/danielito/Escritorio/Vivado_proyect/Vitis_proyect/TP8_FInal/top/hw/top.xsa
TRACE::2023-02-14.22:47:48::SCWPlatform::DSA given /home/danielito/Escritorio/Vivado_proyect/Vitis_proyect/TP8_FInal/top/hw/top.xsa
TRACE::2023-02-14.22:47:48::SCWPlatform::DSA absoulate path /home/danielito/Escritorio/Vivado_proyect/Vitis_proyect/TP8_FInal/top/hw/top.xsa
TRACE::2023-02-14.22:47:48::SCWPlatform::DSA directory /home/danielito/Escritorio/Vivado_proyect/Vitis_proyect/TP8_FInal/top/hw
TRACE::2023-02-14.22:47:48::SCWPlatform:: Platform Path /home/danielito/Escritorio/Vivado_proyect/Vitis_proyect/TP8_FInal/top/hw/top.xsa
TRACE::2023-02-14.22:47:48::SCWPlatform:: Unique name xilinx:arty-a7-35::0.0
TRACE::2023-02-14.22:47:48::SCWPlatform::Trying to set the existing hwdb with name top_0
TRACE::2023-02-14.22:47:48::SCWPlatform::Opened existing hwdb top_0
TRACE::2023-02-14.22:47:48::SCWPlatform::Found the Hw Db part of the input DSA
TRACE::2023-02-14.22:47:48::SCWMssOS::Checking the sw design at  /home/danielito/Escritorio/Vivado_proyect/Vitis_proyect/TP8_FInal/top/microblaze_0/standalone_microblaze_0/bsp/system.mss
TRACE::2023-02-14.22:47:48::SCWMssOS::DEBUG:  swdes dump  /home/danielito/Escritorio/Vivado_proyect/Vitis_proyect/TP8_FInal/top/microblaze_0/standalone_microblaze_0/bsp/system.mss|system||

TRACE::2023-02-14.22:47:48::SCWMssOS::Sw design exists and opened at  /home/danielito/Escritorio/Vivado_proyect/Vitis_proyect/TP8_FInal/top/microblaze_0/standalone_microblaze_0/bsp/system.mss
TRACE::2023-02-14.22:47:48::SCWWriter::formatted JSON is {
	"platformName":	"top",
	"sprVersion":	"2.0",
	"mode":	"gui",
	"dsaType":	"Fixed",
	"platformDesc":	"top",
	"platHandOff":	"/home/danielito/Escritorio/Vivado_proyect/project_8_MIcroBlazerConTrama/top.xsa",
	"platIntHandOff":	"<platformDir>/hw/top.xsa",
	"deviceType":	"FPGA",
	"platIsPrebuiltAutogen":	"false",
	"platIsNoBootBsp":	"false",
	"hasFsblMakeHasChanges":	"false",
	"hasPmufwMakeHasChanges":	"false",
	"platPreBuiltFlag":	false,
	"platformSamplesDir":	"",
	"platActiveSys":	"top",
	"systems":	[{
			"systemName":	"top",
			"systemDesc":	"top",
			"sysIsBootAutoGen":	"true",
			"systemDispName":	"top",
			"sysActiveDom":	"standalone_microblaze_0",
			"sysDefaultDom":	"standalone_microblaze_0",
			"domains":	[{
					"domainName":	"standalone_microblaze_0",
					"domainDispName":	"standalone_microblaze_0",
					"domainDesc":	"standalone_microblaze_0",
					"processors":	"microblaze_0",
					"os":	"standalone",
					"sdxOs":	"standalone",
					"debugEnable":	"False",
					"domRuntimes":	["cpp"],
					"swRepo":	"",
					"mssOsVer":	"7.3",
					"mssFile":	"",
					"md5Digest":	"641bf7107b1a0162d4bee8cefc2748ae",
					"compatibleApp":	"hello_world",
					"domType":	"mssDomain",
					"arch":	"32-bit",
					"appSettings":	{
						"appCompilerFlags":	"",
						"appLinkerFlags":	""
					},
					"addedLibs":	[],
					"libOptions":	{
						"libsContainingOptions":	[]
					},
					"prebuiltLibs":	{
						"prebuiltIncPath":	[],
						"prebuiltLibPath":	[]
					},
					"isolation":	{
					}
				}]
		}]
}
LOG::2023-02-14.22:47:48::SCWPlatform::Started generating the artifacts platform top
TRACE::2023-02-14.22:47:48::SCWPlatform::Sanity checking of platform is completed
LOG::2023-02-14.22:47:48::SCWPlatform::Started generating the artifacts for system configuration top
LOG::2023-02-14.22:47:48::SCWSystem::Started Processing the domain standalone_microblaze_0
TRACE::2023-02-14.22:47:48::SCWDomain::Generating domain artifcats
TRACE::2023-02-14.22:47:48::SCWMssOS::Generating standalone artifcats
TRACE::2023-02-14.22:47:48::SCWMssOS:: Copying the user libraries. 
TRACE::2023-02-14.22:47:48::SCWPlatform::Trying to open the hw design at /home/danielito/Escritorio/Vivado_proyect/Vitis_proyect/TP8_FInal/top/hw/top.xsa
TRACE::2023-02-14.22:47:48::SCWPlatform::DSA given /home/danielito/Escritorio/Vivado_proyect/Vitis_proyect/TP8_FInal/top/hw/top.xsa
TRACE::2023-02-14.22:47:48::SCWPlatform::DSA absoulate path /home/danielito/Escritorio/Vivado_proyect/Vitis_proyect/TP8_FInal/top/hw/top.xsa
TRACE::2023-02-14.22:47:48::SCWPlatform::DSA directory /home/danielito/Escritorio/Vivado_proyect/Vitis_proyect/TP8_FInal/top/hw
TRACE::2023-02-14.22:47:48::SCWPlatform:: Platform Path /home/danielito/Escritorio/Vivado_proyect/Vitis_proyect/TP8_FInal/top/hw/top.xsa
TRACE::2023-02-14.22:47:48::SCWPlatform:: Unique name xilinx:arty-a7-35::0.0
TRACE::2023-02-14.22:47:48::SCWPlatform::Trying to set the existing hwdb with name top_0
TRACE::2023-02-14.22:47:48::SCWPlatform::Opened existing hwdb top_0
TRACE::2023-02-14.22:47:48::SCWPlatform::Found the Hw Db part of the input DSA
TRACE::2023-02-14.22:47:48::SCWMssOS::Checking the sw design at  /home/danielito/Escritorio/Vivado_proyect/Vitis_proyect/TP8_FInal/top/microblaze_0/standalone_microblaze_0/bsp/system.mss
TRACE::2023-02-14.22:47:48::SCWMssOS::DEBUG:  swdes dump  /home/danielito/Escritorio/Vivado_proyect/Vitis_proyect/TP8_FInal/top/microblaze_0/standalone_microblaze_0/bsp/system.mss|system||

TRACE::2023-02-14.22:47:48::SCWMssOS::Sw design exists and opened at  /home/danielito/Escritorio/Vivado_proyect/Vitis_proyect/TP8_FInal/top/microblaze_0/standalone_microblaze_0/bsp/system.mss
TRACE::2023-02-14.22:47:48::SCWMssOS::Completed writing the mss file at /home/danielito/Escritorio/Vivado_proyect/Vitis_proyect/TP8_FInal/top/microblaze_0/standalone_microblaze_0/bsp
TRACE::2023-02-14.22:47:48::SCWMssOS::Mss edits present, copying mssfile into export location /home/danielito/Escritorio/Vivado_proyect/Vitis_proyect/TP8_FInal/top/microblaze_0/standalone_microblaze_0/bsp/system.mss
TRACE::2023-02-14.22:47:48::SCWMssOS::bsp generated is upto date with the mss file. Skipping bsp generation.
TRACE::2023-02-14.22:47:48::SCWMssOS::BSP is already built. skipping the bsp build ... 
TRACE::2023-02-14.22:47:48::SCWDomain::Building the domain as part of full build :  standalone_microblaze_0
TRACE::2023-02-14.22:47:48::SCWMssOS::skipping the bsp build ... 
TRACE::2023-02-14.22:47:48::SCWMssOS::Copying to export directory.
TRACE::2023-02-14.22:47:48::SCWMssOS:: Checking if to create the Supporting Applications
TRACE::2023-02-14.22:47:48::SCWMssOS:: No Linux domain exists, trying to generate FSBL 
LOG::2023-02-14.22:47:48::SCWSystem::Completed Processing the domain standalone_microblaze_0
LOG::2023-02-14.22:47:48::SCWSystem::Completed Processing the sysconfig top
LOG::2023-02-14.22:47:48::SCWPlatform::Completed generating the artifacts for system configuration top
TRACE::2023-02-14.22:47:48::SCWPlatform::Started preparing the platform 
TRACE::2023-02-14.22:47:48::SCWSystem::Writing the bif file for system config top
TRACE::2023-02-14.22:47:48::SCWSystem::dir created 
TRACE::2023-02-14.22:47:48::SCWSystem::Writing the bif 
TRACE::2023-02-14.22:47:48::SCWPlatform::Started writing the spfm file 
TRACE::2023-02-14.22:47:48::SCWPlatform::Started writing the xpfm file 
TRACE::2023-02-14.22:47:48::SCWPlatform::Completed generating the platform
TRACE::2023-02-14.22:47:48::SCWMssOS::Saving the mss changes /home/danielito/Escritorio/Vivado_proyect/Vitis_proyect/TP8_FInal/top/microblaze_0/standalone_microblaze_0/bsp/system.mss
TRACE::2023-02-14.22:47:48::SCWMssOS::Found a swdesign opened with the mssfile.
TRACE::2023-02-14.22:47:48::SCWMssOS::Completed writemss as part of save.
TRACE::2023-02-14.22:47:48::SCWMssOS::Commit changes completed.
TRACE::2023-02-14.22:47:48::SCWPlatform::Trying to open the hw design at /home/danielito/Escritorio/Vivado_proyect/Vitis_proyect/TP8_FInal/top/hw/top.xsa
TRACE::2023-02-14.22:47:48::SCWPlatform::DSA given /home/danielito/Escritorio/Vivado_proyect/Vitis_proyect/TP8_FInal/top/hw/top.xsa
TRACE::2023-02-14.22:47:48::SCWPlatform::DSA absoulate path /home/danielito/Escritorio/Vivado_proyect/Vitis_proyect/TP8_FInal/top/hw/top.xsa
TRACE::2023-02-14.22:47:48::SCWPlatform::DSA directory /home/danielito/Escritorio/Vivado_proyect/Vitis_proyect/TP8_FInal/top/hw
TRACE::2023-02-14.22:47:48::SCWPlatform:: Platform Path /home/danielito/Escritorio/Vivado_proyect/Vitis_proyect/TP8_FInal/top/hw/top.xsa
TRACE::2023-02-14.22:47:48::SCWPlatform:: Unique name xilinx:arty-a7-35::0.0
TRACE::2023-02-14.22:47:48::SCWPlatform::Trying to set the existing hwdb with name top_0
TRACE::2023-02-14.22:47:48::SCWPlatform::Opened existing hwdb top_0
TRACE::2023-02-14.22:47:48::SCWPlatform::Found the Hw Db part of the input DSA
TRACE::2023-02-14.22:47:48::SCWMssOS::Checking the sw design at  /home/danielito/Escritorio/Vivado_proyect/Vitis_proyect/TP8_FInal/top/microblaze_0/standalone_microblaze_0/bsp/system.mss
TRACE::2023-02-14.22:47:48::SCWMssOS::DEBUG:  swdes dump  /home/danielito/Escritorio/Vivado_proyect/Vitis_proyect/TP8_FInal/top/microblaze_0/standalone_microblaze_0/bsp/system.mss|system||

TRACE::2023-02-14.22:47:48::SCWMssOS::Sw design exists and opened at  /home/danielito/Escritorio/Vivado_proyect/Vitis_proyect/TP8_FInal/top/microblaze_0/standalone_microblaze_0/bsp/system.mss
TRACE::2023-02-14.22:47:48::SCWPlatform::Trying to open the hw design at /home/danielito/Escritorio/Vivado_proyect/Vitis_proyect/TP8_FInal/top/hw/top.xsa
TRACE::2023-02-14.22:47:48::SCWPlatform::DSA given /home/danielito/Escritorio/Vivado_proyect/Vitis_proyect/TP8_FInal/top/hw/top.xsa
TRACE::2023-02-14.22:47:48::SCWPlatform::DSA absoulate path /home/danielito/Escritorio/Vivado_proyect/Vitis_proyect/TP8_FInal/top/hw/top.xsa
TRACE::2023-02-14.22:47:48::SCWPlatform::DSA directory /home/danielito/Escritorio/Vivado_proyect/Vitis_proyect/TP8_FInal/top/hw
TRACE::2023-02-14.22:47:48::SCWPlatform:: Platform Path /home/danielito/Escritorio/Vivado_proyect/Vitis_proyect/TP8_FInal/top/hw/top.xsa
TRACE::2023-02-14.22:47:48::SCWPlatform:: Unique name xilinx:arty-a7-35::0.0
TRACE::2023-02-14.22:47:48::SCWPlatform::Trying to set the existing hwdb with name top_0
TRACE::2023-02-14.22:47:48::SCWPlatform::Opened existing hwdb top_0
TRACE::2023-02-14.22:47:48::SCWPlatform::Found the Hw Db part of the input DSA
TRACE::2023-02-14.22:47:48::SCWMssOS::Checking the sw design at  /home/danielito/Escritorio/Vivado_proyect/Vitis_proyect/TP8_FInal/top/microblaze_0/standalone_microblaze_0/bsp/system.mss
TRACE::2023-02-14.22:47:48::SCWMssOS::DEBUG:  swdes dump  /home/danielito/Escritorio/Vivado_proyect/Vitis_proyect/TP8_FInal/top/microblaze_0/standalone_microblaze_0/bsp/system.mss|system||

TRACE::2023-02-14.22:47:48::SCWMssOS::Sw design exists and opened at  /home/danielito/Escritorio/Vivado_proyect/Vitis_proyect/TP8_FInal/top/microblaze_0/standalone_microblaze_0/bsp/system.mss
TRACE::2023-02-14.22:47:48::SCWPlatform::Trying to open the hw design at /home/danielito/Escritorio/Vivado_proyect/Vitis_proyect/TP8_FInal/top/hw/top.xsa
TRACE::2023-02-14.22:47:48::SCWPlatform::DSA given /home/danielito/Escritorio/Vivado_proyect/Vitis_proyect/TP8_FInal/top/hw/top.xsa
TRACE::2023-02-14.22:47:48::SCWPlatform::DSA absoulate path /home/danielito/Escritorio/Vivado_proyect/Vitis_proyect/TP8_FInal/top/hw/top.xsa
TRACE::2023-02-14.22:47:48::SCWPlatform::DSA directory /home/danielito/Escritorio/Vivado_proyect/Vitis_proyect/TP8_FInal/top/hw
TRACE::2023-02-14.22:47:48::SCWPlatform:: Platform Path /home/danielito/Escritorio/Vivado_proyect/Vitis_proyect/TP8_FInal/top/hw/top.xsa
TRACE::2023-02-14.22:47:48::SCWPlatform:: Unique name xilinx:arty-a7-35::0.0
TRACE::2023-02-14.22:47:48::SCWPlatform::Trying to set the existing hwdb with name top_0
TRACE::2023-02-14.22:47:48::SCWPlatform::Opened existing hwdb top_0
TRACE::2023-02-14.22:47:48::SCWPlatform::Found the Hw Db part of the input DSA
TRACE::2023-02-14.22:47:48::SCWMssOS::Checking the sw design at  /home/danielito/Escritorio/Vivado_proyect/Vitis_proyect/TP8_FInal/top/microblaze_0/standalone_microblaze_0/bsp/system.mss
TRACE::2023-02-14.22:47:48::SCWMssOS::DEBUG:  swdes dump  /home/danielito/Escritorio/Vivado_proyect/Vitis_proyect/TP8_FInal/top/microblaze_0/standalone_microblaze_0/bsp/system.mss|system||

TRACE::2023-02-14.22:47:48::SCWMssOS::Sw design exists and opened at  /home/danielito/Escritorio/Vivado_proyect/Vitis_proyect/TP8_FInal/top/microblaze_0/standalone_microblaze_0/bsp/system.mss
TRACE::2023-02-14.22:47:48::SCWWriter::formatted JSON is {
	"platformName":	"top",
	"sprVersion":	"2.0",
	"mode":	"gui",
	"dsaType":	"Fixed",
	"platformDesc":	"top",
	"platHandOff":	"/home/danielito/Escritorio/Vivado_proyect/project_8_MIcroBlazerConTrama/top.xsa",
	"platIntHandOff":	"<platformDir>/hw/top.xsa",
	"deviceType":	"FPGA",
	"platIsPrebuiltAutogen":	"false",
	"platIsNoBootBsp":	"false",
	"hasFsblMakeHasChanges":	"false",
	"hasPmufwMakeHasChanges":	"false",
	"platPreBuiltFlag":	false,
	"platformSamplesDir":	"",
	"platActiveSys":	"top",
	"systems":	[{
			"systemName":	"top",
			"systemDesc":	"top",
			"sysIsBootAutoGen":	"true",
			"systemDispName":	"top",
			"sysActiveDom":	"standalone_microblaze_0",
			"sysDefaultDom":	"standalone_microblaze_0",
			"domains":	[{
					"domainName":	"standalone_microblaze_0",
					"domainDispName":	"standalone_microblaze_0",
					"domainDesc":	"standalone_microblaze_0",
					"processors":	"microblaze_0",
					"os":	"standalone",
					"sdxOs":	"standalone",
					"debugEnable":	"False",
					"domRuntimes":	["cpp"],
					"swRepo":	"",
					"mssOsVer":	"7.3",
					"mssFile":	"",
					"md5Digest":	"641bf7107b1a0162d4bee8cefc2748ae",
					"compatibleApp":	"hello_world",
					"domType":	"mssDomain",
					"arch":	"32-bit",
					"appSettings":	{
						"appCompilerFlags":	"",
						"appLinkerFlags":	""
					},
					"addedLibs":	[],
					"libOptions":	{
						"libsContainingOptions":	[]
					},
					"prebuiltLibs":	{
						"prebuiltIncPath":	[],
						"prebuiltLibPath":	[]
					},
					"isolation":	{
					}
				}]
		}]
}
KEYINFO::2023-02-14.22:47:48::SCWPlatform::updated the xpfm file.
LOG::2023-02-14.22:49:35::SCWPlatform::Started generating the artifacts platform top
TRACE::2023-02-14.22:49:35::SCWPlatform::Sanity checking of platform is completed
LOG::2023-02-14.22:49:35::SCWPlatform::Started generating the artifacts for system configuration top
LOG::2023-02-14.22:49:35::SCWSystem::Checking the domain standalone_microblaze_0
LOG::2023-02-14.22:49:35::SCWSystem::Not a boot domain 
LOG::2023-02-14.22:49:35::SCWSystem::Started Processing the domain standalone_microblaze_0
TRACE::2023-02-14.22:49:35::SCWDomain::Generating domain artifcats
TRACE::2023-02-14.22:49:35::SCWMssOS::Generating standalone artifcats
TRACE::2023-02-14.22:49:35::SCWMssOS:: Copying the user libraries. 
TRACE::2023-02-14.22:49:35::SCWPlatform::Trying to open the hw design at /home/danielito/Escritorio/Vivado_proyect/Vitis_proyect/TP8_FInal/top/hw/top.xsa
TRACE::2023-02-14.22:49:35::SCWPlatform::DSA given /home/danielito/Escritorio/Vivado_proyect/Vitis_proyect/TP8_FInal/top/hw/top.xsa
TRACE::2023-02-14.22:49:35::SCWPlatform::DSA absoulate path /home/danielito/Escritorio/Vivado_proyect/Vitis_proyect/TP8_FInal/top/hw/top.xsa
TRACE::2023-02-14.22:49:35::SCWPlatform::DSA directory /home/danielito/Escritorio/Vivado_proyect/Vitis_proyect/TP8_FInal/top/hw
TRACE::2023-02-14.22:49:35::SCWPlatform:: Platform Path /home/danielito/Escritorio/Vivado_proyect/Vitis_proyect/TP8_FInal/top/hw/top.xsa
TRACE::2023-02-14.22:49:35::SCWPlatform:: Unique name xilinx:arty-a7-35::0.0
TRACE::2023-02-14.22:49:35::SCWPlatform::Trying to set the existing hwdb with name top_0
TRACE::2023-02-14.22:49:35::SCWPlatform::Opened existing hwdb top_0
TRACE::2023-02-14.22:49:35::SCWPlatform::Found the Hw Db part of the input DSA
TRACE::2023-02-14.22:49:35::SCWMssOS::Checking the sw design at  /home/danielito/Escritorio/Vivado_proyect/Vitis_proyect/TP8_FInal/top/microblaze_0/standalone_microblaze_0/bsp/system.mss
TRACE::2023-02-14.22:49:35::SCWMssOS::DEBUG:  swdes dump  /home/danielito/Escritorio/Vivado_proyect/Vitis_proyect/TP8_FInal/top/microblaze_0/standalone_microblaze_0/bsp/system.mss|system||

TRACE::2023-02-14.22:49:35::SCWMssOS::Sw design exists and opened at  /home/danielito/Escritorio/Vivado_proyect/Vitis_proyect/TP8_FInal/top/microblaze_0/standalone_microblaze_0/bsp/system.mss
TRACE::2023-02-14.22:49:35::SCWMssOS::Completed writing the mss file at /home/danielito/Escritorio/Vivado_proyect/Vitis_proyect/TP8_FInal/top/microblaze_0/standalone_microblaze_0/bsp
TRACE::2023-02-14.22:49:35::SCWMssOS::Mss edits present, copying mssfile into export location /home/danielito/Escritorio/Vivado_proyect/Vitis_proyect/TP8_FInal/top/microblaze_0/standalone_microblaze_0/bsp/system.mss
TRACE::2023-02-14.22:49:35::SCWMssOS::bsp generated is upto date with the mss file. Skipping bsp generation.
TRACE::2023-02-14.22:49:35::SCWMssOS::BSP is already built. skipping the bsp build ... 
TRACE::2023-02-14.22:49:35::SCWDomain::Building the domain as part of full build :  standalone_microblaze_0
TRACE::2023-02-14.22:49:35::SCWMssOS::doing bsp build ... 
TRACE::2023-02-14.22:49:35::SCWMssOS::System Command Ran  cd  /home/danielito/Escritorio/Vivado_proyect/Vitis_proyect/TP8_FInal/top/microblaze_0/standalone_microblaze_0/bsp ; bash -c "make  " 
TRACE::2023-02-14.22:49:35::SCWMssOS::make --no-print-directory seq_libs

TRACE::2023-02-14.22:49:35::SCWMssOS::Finished building libraries sequentially.

TRACE::2023-02-14.22:49:35::SCWMssOS::make -j --no-print-directory par_libs

TRACE::2023-02-14.22:49:35::SCWMssOS::Running Make include in microblaze_0/libsrc/standalone_v7_3/src

TRACE::2023-02-14.22:49:35::SCWMssOS::Running Make include in microblaze_0/libsrc/gpio_v4_7/src

TRACE::2023-02-14.22:49:35::SCWMssOS::make -C microblaze_0/libsrc/gpio_v4_7/src -s include  "SHELL=/bin/sh" "COMPILER=mb-gcc" "ASSEMBLER=mb-as" "ARCHIVER=mb-ar" "COM
TRACE::2023-02-14.22:49:35::SCWMssOS::PILER_FLAGS=  -O2 -c -mcpu=v11.0 -mlittle-endian -mxl-soft-mul" "EXTRA_COMPILER_FLAGS=-g -ffunction-sections -fdata-sections -W
TRACE::2023-02-14.22:49:35::SCWMssOS::all -Wextra"

TRACE::2023-02-14.22:49:35::SCWMssOS::make -C microblaze_0/libsrc/standalone_v7_3/src -s include  "SHELL=/bin/sh" "COMPILER=mb-gcc" "ASSEMBLER=mb-as" "ARCHIVER=mb-ar
TRACE::2023-02-14.22:49:35::SCWMssOS::" "COMPILER_FLAGS=  -O2 -c -mcpu=v11.0 -mlittle-endian -mxl-soft-mul" "EXTRA_COMPILER_FLAGS=-g -ffunction-sections -fdata-secti
TRACE::2023-02-14.22:49:35::SCWMssOS::ons -Wall -Wextra"

TRACE::2023-02-14.22:49:35::SCWMssOS::Running Make include in microblaze_0/libsrc/cpu_v2_12/src

TRACE::2023-02-14.22:49:35::SCWMssOS::make -C microblaze_0/libsrc/cpu_v2_12/src -s include  "SHELL=/bin/sh" "COMPILER=mb-gcc" "ASSEMBLER=mb-as" "ARCHIVER=mb-ar" "COM
TRACE::2023-02-14.22:49:35::SCWMssOS::PILER_FLAGS=  -O2 -c -mcpu=v11.0 -mlittle-endian -mxl-soft-mul" "EXTRA_COMPILER_FLAGS=-g -ffunction-sections -fdata-sections -W
TRACE::2023-02-14.22:49:35::SCWMssOS::all -Wextra"

TRACE::2023-02-14.22:49:35::SCWMssOS::Running Make include in microblaze_0/libsrc/uartlite_v3_5/src

TRACE::2023-02-14.22:49:35::SCWMssOS::make -C microblaze_0/libsrc/uartlite_v3_5/src -s include  "SHELL=/bin/sh" "COMPILER=mb-gcc" "ASSEMBLER=mb-as" "ARCHIVER=mb-ar" 
TRACE::2023-02-14.22:49:35::SCWMssOS::"COMPILER_FLAGS=  -O2 -c -mcpu=v11.0 -mlittle-endian -mxl-soft-mul" "EXTRA_COMPILER_FLAGS=-g -ffunction-sections -fdata-section
TRACE::2023-02-14.22:49:35::SCWMssOS::s -Wall -Wextra"

TRACE::2023-02-14.22:49:35::SCWMssOS::Running Make include in microblaze_0/libsrc/bram_v4_5/src

TRACE::2023-02-14.22:49:35::SCWMssOS::make -C microblaze_0/libsrc/bram_v4_5/src -s include  "SHELL=/bin/sh" "COMPILER=mb-gcc" "ASSEMBLER=mb-as" "ARCHIVER=mb-ar" "COM
TRACE::2023-02-14.22:49:35::SCWMssOS::PILER_FLAGS=  -O2 -c -mcpu=v11.0 -mlittle-endian -mxl-soft-mul" "EXTRA_COMPILER_FLAGS=-g -ffunction-sections -fdata-sections -W
TRACE::2023-02-14.22:49:35::SCWMssOS::all -Wextra"

TRACE::2023-02-14.22:49:35::SCWMssOS::Running Make libs in microblaze_0/libsrc/standalone_v7_3/src

TRACE::2023-02-14.22:49:35::SCWMssOS::Running Make libs in microblaze_0/libsrc/gpio_v4_7/src

TRACE::2023-02-14.22:49:35::SCWMssOS::make -C microblaze_0/libsrc/standalone_v7_3/src -s libs  "SHELL=/bin/sh" "COMPILER=mb-gcc" "ASSEMBLER=mb-as" "ARCHIVER=mb-ar" "
TRACE::2023-02-14.22:49:35::SCWMssOS::COMPILER_FLAGS=  -O2 -c -mcpu=v11.0 -mlittle-endian -mxl-soft-mul" "EXTRA_COMPILER_FLAGS=-g -ffunction-sections -fdata-sections
TRACE::2023-02-14.22:49:35::SCWMssOS:: -Wall -Wextra"

TRACE::2023-02-14.22:49:35::SCWMssOS::Running Make libs in microblaze_0/libsrc/cpu_v2_12/src

TRACE::2023-02-14.22:49:35::SCWMssOS::make -C microblaze_0/libsrc/gpio_v4_7/src -s libs  "SHELL=/bin/sh" "COMPILER=mb-gcc" "ASSEMBLER=mb-as" "ARCHIVER=mb-ar" "COMPIL
TRACE::2023-02-14.22:49:35::SCWMssOS::ER_FLAGS=  -O2 -c -mcpu=v11.0 -mlittle-endian -mxl-soft-mul" "EXTRA_COMPILER_FLAGS=-g -ffunction-sections -fdata-sections -Wall
TRACE::2023-02-14.22:49:35::SCWMssOS:: -Wextra"

TRACE::2023-02-14.22:49:35::SCWMssOS::make -C microblaze_0/libsrc/cpu_v2_12/src -s libs  "SHELL=/bin/sh" "COMPILER=mb-gcc" "ASSEMBLER=mb-as" "ARCHIVER=mb-ar" "COMPIL
TRACE::2023-02-14.22:49:35::SCWMssOS::ER_FLAGS=  -O2 -c -mcpu=v11.0 -mlittle-endian -mxl-soft-mul" "EXTRA_COMPILER_FLAGS=-g -ffunction-sections -fdata-sections -Wall
TRACE::2023-02-14.22:49:35::SCWMssOS:: -Wextra"

TRACE::2023-02-14.22:49:35::SCWMssOS::Running Make libs in microblaze_0/libsrc/uartlite_v3_5/src

TRACE::2023-02-14.22:49:35::SCWMssOS::make -C microblaze_0/libsrc/uartlite_v3_5/src -s libs  "SHELL=/bin/sh" "COMPILER=mb-gcc" "ASSEMBLER=mb-as" "ARCHIVER=mb-ar" "CO
TRACE::2023-02-14.22:49:35::SCWMssOS::MPILER_FLAGS=  -O2 -c -mcpu=v11.0 -mlittle-endian -mxl-soft-mul" "EXTRA_COMPILER_FLAGS=-g -ffunction-sections -fdata-sections -
TRACE::2023-02-14.22:49:35::SCWMssOS::Wall -Wextra"

TRACE::2023-02-14.22:49:35::SCWMssOS::Running Make libs in microblaze_0/libsrc/bram_v4_5/src

TRACE::2023-02-14.22:49:35::SCWMssOS::make -C microblaze_0/libsrc/bram_v4_5/src -s libs  "SHELL=/bin/sh" "COMPILER=mb-gcc" "ASSEMBLER=mb-as" "ARCHIVER=mb-ar" "COMPIL
TRACE::2023-02-14.22:49:35::SCWMssOS::ER_FLAGS=  -O2 -c -mcpu=v11.0 -mlittle-endian -mxl-soft-mul" "EXTRA_COMPILER_FLAGS=-g -ffunction-sections -fdata-sections -Wall
TRACE::2023-02-14.22:49:35::SCWMssOS:: -Wextra"

TRACE::2023-02-14.22:49:36::SCWMssOS::DEBUG NON_LTO_OBJECTS is ../../../lib/microblaze_interrupt_handler.o

TRACE::2023-02-14.22:49:36::SCWMssOS::Finished building libraries parallelly.

TRACE::2023-02-14.22:49:36::SCWMssOS::make --no-print-directory archive

TRACE::2023-02-14.22:49:36::SCWMssOS::mb-ar -r  microblaze_0/lib/libxil.a microblaze_0/lib/microblaze_enable_interrupts.o microblaze_0/lib/xil_assert.o microblaze_0/
TRACE::2023-02-14.22:49:36::SCWMssOS::lib/xgpio_sinit.o microblaze_0/lib/_exit.o microblaze_0/lib/microblaze_flush_dcache.o microblaze_0/lib/microblaze_update_icache
TRACE::2023-02-14.22:49:36::SCWMssOS::.o microblaze_0/lib/xil_testmem.o microblaze_0/lib/xgpio.o microblaze_0/lib/pvr.o microblaze_0/lib/xil_exception.o microblaze_0
TRACE::2023-02-14.22:49:36::SCWMssOS::/lib/microblaze_invalidate_cache_ext_range.o microblaze_0/lib/xuartlite_stats.o microblaze_0/lib/xuartlite_l.o microblaze_0/lib
TRACE::2023-02-14.22:49:36::SCWMssOS::/errno.o microblaze_0/lib/microblaze_init_dcache_range.o microblaze_0/lib/microblaze_invalidate_icache_range.o microblaze_0/lib
TRACE::2023-02-14.22:49:36::SCWMssOS::/xuartlite_intr.o microblaze_0/lib/xbram.o microblaze_0/lib/microblaze_enable_dcache.o microblaze_0/lib/microblaze_enable_excep
TRACE::2023-02-14.22:49:36::SCWMssOS::tions.o microblaze_0/lib/microblaze_interrupts_g.o microblaze_0/lib/microblaze_selftest.o microblaze_0/lib/xil_testcache.o micr
TRACE::2023-02-14.22:49:36::SCWMssOS::oblaze_0/lib/xil_util.o microblaze_0/lib/xuartlite_selftest.o microblaze_0/lib/hw_exception_handler.o microblaze_0/lib/xuartlit
TRACE::2023-02-14.22:49:36::SCWMssOS::e_sinit.o microblaze_0/lib/microblaze_sleep.o microblaze_0/lib/microblaze_invalidate_cache_ext.o microblaze_0/lib/xuartlite_g.o
TRACE::2023-02-14.22:49:36::SCWMssOS:: microblaze_0/lib/microblaze_invalidate_dcache_range.o microblaze_0/lib/xgpio_intr.o microblaze_0/lib/microblaze_invalidate_ica
TRACE::2023-02-14.22:49:36::SCWMssOS::che.o microblaze_0/lib/outbyte.o microblaze_0/lib/xio.o microblaze_0/lib/xil_printf.o microblaze_0/lib/xil_sleepcommon.o microb
TRACE::2023-02-14.22:49:36::SCWMssOS::laze_0/lib/xbram_intr.o microblaze_0/lib/xgpio_selftest.o microblaze_0/lib/microblaze_update_dcache.o microblaze_0/lib/microbla
TRACE::2023-02-14.22:49:36::SCWMssOS::ze_flush_cache_ext_range.o microblaze_0/lib/xil_clocking.o microblaze_0/lib/microblaze_disable_icache.o microblaze_0/lib/xgpio_
TRACE::2023-02-14.22:49:36::SCWMssOS::g.o microblaze_0/lib/microblaze_interrupt_handler.o microblaze_0/lib/xbram_selftest.o microblaze_0/lib/microblaze_disable_inter
TRACE::2023-02-14.22:49:36::SCWMssOS::rupts.o microblaze_0/lib/microblaze_invalidate_dcache.o microblaze_0/lib/microblaze_scrub.o microblaze_0/lib/xbram_sinit.o micr
TRACE::2023-02-14.22:49:36::SCWMssOS::oblaze_0/lib/xbram_g.o microblaze_0/lib/microblaze_exception_handler.o microblaze_0/lib/inbyte.o microblaze_0/lib/xil_cache.o m
TRACE::2023-02-14.22:49:36::SCWMssOS::icroblaze_0/lib/xil_misc_psreset_api.o microblaze_0/lib/microblaze_flush_cache_ext.o microblaze_0/lib/microblaze_flush_dcache_r
TRACE::2023-02-14.22:49:36::SCWMssOS::ange.o microblaze_0/lib/microblaze_enable_icache.o microblaze_0/lib/microblaze_disable_dcache.o microblaze_0/lib/xil_testio.o m
TRACE::2023-02-14.22:49:36::SCWMssOS::icroblaze_0/lib/print.o microblaze_0/lib/microblaze_disable_exceptions.o microblaze_0/lib/xuartlite.o microblaze_0/lib/xplatfor
TRACE::2023-02-14.22:49:36::SCWMssOS::m_info.o microblaze_0/lib/microblaze_init_icache_range.o microblaze_0/lib/fcntl.o microblaze_0/lib/xgpio_extra.o microblaze_0/l
TRACE::2023-02-14.22:49:36::SCWMssOS::ib/xil_mem.o

TRACE::2023-02-14.22:49:36::SCWMssOS::Finished building libraries

TRACE::2023-02-14.22:49:36::SCWMssOS::Copying to export directory.
TRACE::2023-02-14.22:49:36::SCWMssOS:: Checking if to create the Supporting Applications
TRACE::2023-02-14.22:49:36::SCWMssOS:: No Linux domain exists, trying to generate FSBL 
LOG::2023-02-14.22:49:36::SCWSystem::Completed Processing the domain standalone_microblaze_0
LOG::2023-02-14.22:49:36::SCWSystem::Completed Processing the sysconfig top
LOG::2023-02-14.22:49:36::SCWPlatform::Completed generating the artifacts for system configuration top
TRACE::2023-02-14.22:49:36::SCWPlatform::Started preparing the platform 
TRACE::2023-02-14.22:49:36::SCWSystem::Writing the bif file for system config top
TRACE::2023-02-14.22:49:36::SCWSystem::dir created 
TRACE::2023-02-14.22:49:36::SCWSystem::Writing the bif 
TRACE::2023-02-14.22:49:36::SCWPlatform::Started writing the spfm file 
TRACE::2023-02-14.22:49:36::SCWPlatform::Started writing the xpfm file 
TRACE::2023-02-14.22:49:36::SCWPlatform::Completed generating the platform
TRACE::2023-02-14.22:49:36::SCWMssOS::Saving the mss changes /home/danielito/Escritorio/Vivado_proyect/Vitis_proyect/TP8_FInal/top/microblaze_0/standalone_microblaze_0/bsp/system.mss
TRACE::2023-02-14.22:49:36::SCWMssOS::Found a swdesign opened with the mssfile.
TRACE::2023-02-14.22:49:36::SCWMssOS::Completed writemss as part of save.
TRACE::2023-02-14.22:49:36::SCWMssOS::Commit changes completed.
TRACE::2023-02-14.22:49:36::SCWPlatform::Trying to open the hw design at /home/danielito/Escritorio/Vivado_proyect/Vitis_proyect/TP8_FInal/top/hw/top.xsa
TRACE::2023-02-14.22:49:36::SCWPlatform::DSA given /home/danielito/Escritorio/Vivado_proyect/Vitis_proyect/TP8_FInal/top/hw/top.xsa
TRACE::2023-02-14.22:49:36::SCWPlatform::DSA absoulate path /home/danielito/Escritorio/Vivado_proyect/Vitis_proyect/TP8_FInal/top/hw/top.xsa
TRACE::2023-02-14.22:49:36::SCWPlatform::DSA directory /home/danielito/Escritorio/Vivado_proyect/Vitis_proyect/TP8_FInal/top/hw
TRACE::2023-02-14.22:49:36::SCWPlatform:: Platform Path /home/danielito/Escritorio/Vivado_proyect/Vitis_proyect/TP8_FInal/top/hw/top.xsa
TRACE::2023-02-14.22:49:36::SCWPlatform:: Unique name xilinx:arty-a7-35::0.0
TRACE::2023-02-14.22:49:36::SCWPlatform::Trying to set the existing hwdb with name top_0
TRACE::2023-02-14.22:49:36::SCWPlatform::Opened existing hwdb top_0
TRACE::2023-02-14.22:49:36::SCWPlatform::Found the Hw Db part of the input DSA
TRACE::2023-02-14.22:49:36::SCWMssOS::Checking the sw design at  /home/danielito/Escritorio/Vivado_proyect/Vitis_proyect/TP8_FInal/top/microblaze_0/standalone_microblaze_0/bsp/system.mss
TRACE::2023-02-14.22:49:36::SCWMssOS::DEBUG:  swdes dump  /home/danielito/Escritorio/Vivado_proyect/Vitis_proyect/TP8_FInal/top/microblaze_0/standalone_microblaze_0/bsp/system.mss|system||

TRACE::2023-02-14.22:49:36::SCWMssOS::Sw design exists and opened at  /home/danielito/Escritorio/Vivado_proyect/Vitis_proyect/TP8_FInal/top/microblaze_0/standalone_microblaze_0/bsp/system.mss
TRACE::2023-02-14.22:49:36::SCWPlatform::Trying to open the hw design at /home/danielito/Escritorio/Vivado_proyect/Vitis_proyect/TP8_FInal/top/hw/top.xsa
TRACE::2023-02-14.22:49:36::SCWPlatform::DSA given /home/danielito/Escritorio/Vivado_proyect/Vitis_proyect/TP8_FInal/top/hw/top.xsa
TRACE::2023-02-14.22:49:36::SCWPlatform::DSA absoulate path /home/danielito/Escritorio/Vivado_proyect/Vitis_proyect/TP8_FInal/top/hw/top.xsa
TRACE::2023-02-14.22:49:36::SCWPlatform::DSA directory /home/danielito/Escritorio/Vivado_proyect/Vitis_proyect/TP8_FInal/top/hw
TRACE::2023-02-14.22:49:36::SCWPlatform:: Platform Path /home/danielito/Escritorio/Vivado_proyect/Vitis_proyect/TP8_FInal/top/hw/top.xsa
TRACE::2023-02-14.22:49:36::SCWPlatform:: Unique name xilinx:arty-a7-35::0.0
TRACE::2023-02-14.22:49:36::SCWPlatform::Trying to set the existing hwdb with name top_0
TRACE::2023-02-14.22:49:36::SCWPlatform::Opened existing hwdb top_0
TRACE::2023-02-14.22:49:36::SCWPlatform::Found the Hw Db part of the input DSA
TRACE::2023-02-14.22:49:36::SCWMssOS::Checking the sw design at  /home/danielito/Escritorio/Vivado_proyect/Vitis_proyect/TP8_FInal/top/microblaze_0/standalone_microblaze_0/bsp/system.mss
TRACE::2023-02-14.22:49:36::SCWMssOS::DEBUG:  swdes dump  /home/danielito/Escritorio/Vivado_proyect/Vitis_proyect/TP8_FInal/top/microblaze_0/standalone_microblaze_0/bsp/system.mss|system||

TRACE::2023-02-14.22:49:36::SCWMssOS::Sw design exists and opened at  /home/danielito/Escritorio/Vivado_proyect/Vitis_proyect/TP8_FInal/top/microblaze_0/standalone_microblaze_0/bsp/system.mss
TRACE::2023-02-14.22:49:36::SCWPlatform::Trying to open the hw design at /home/danielito/Escritorio/Vivado_proyect/Vitis_proyect/TP8_FInal/top/hw/top.xsa
TRACE::2023-02-14.22:49:36::SCWPlatform::DSA given /home/danielito/Escritorio/Vivado_proyect/Vitis_proyect/TP8_FInal/top/hw/top.xsa
TRACE::2023-02-14.22:49:36::SCWPlatform::DSA absoulate path /home/danielito/Escritorio/Vivado_proyect/Vitis_proyect/TP8_FInal/top/hw/top.xsa
TRACE::2023-02-14.22:49:36::SCWPlatform::DSA directory /home/danielito/Escritorio/Vivado_proyect/Vitis_proyect/TP8_FInal/top/hw
TRACE::2023-02-14.22:49:36::SCWPlatform:: Platform Path /home/danielito/Escritorio/Vivado_proyect/Vitis_proyect/TP8_FInal/top/hw/top.xsa
TRACE::2023-02-14.22:49:36::SCWPlatform:: Unique name xilinx:arty-a7-35::0.0
TRACE::2023-02-14.22:49:36::SCWPlatform::Trying to set the existing hwdb with name top_0
TRACE::2023-02-14.22:49:36::SCWPlatform::Opened existing hwdb top_0
TRACE::2023-02-14.22:49:36::SCWPlatform::Found the Hw Db part of the input DSA
TRACE::2023-02-14.22:49:36::SCWMssOS::Checking the sw design at  /home/danielito/Escritorio/Vivado_proyect/Vitis_proyect/TP8_FInal/top/microblaze_0/standalone_microblaze_0/bsp/system.mss
TRACE::2023-02-14.22:49:36::SCWMssOS::DEBUG:  swdes dump  /home/danielito/Escritorio/Vivado_proyect/Vitis_proyect/TP8_FInal/top/microblaze_0/standalone_microblaze_0/bsp/system.mss|system||

TRACE::2023-02-14.22:49:36::SCWMssOS::Sw design exists and opened at  /home/danielito/Escritorio/Vivado_proyect/Vitis_proyect/TP8_FInal/top/microblaze_0/standalone_microblaze_0/bsp/system.mss
TRACE::2023-02-14.22:49:36::SCWWriter::formatted JSON is {
	"platformName":	"top",
	"sprVersion":	"2.0",
	"mode":	"gui",
	"dsaType":	"Fixed",
	"platformDesc":	"top",
	"platHandOff":	"/home/danielito/Escritorio/Vivado_proyect/project_8_MIcroBlazerConTrama/top.xsa",
	"platIntHandOff":	"<platformDir>/hw/top.xsa",
	"deviceType":	"FPGA",
	"platIsPrebuiltAutogen":	"false",
	"platIsNoBootBsp":	"false",
	"hasFsblMakeHasChanges":	"false",
	"hasPmufwMakeHasChanges":	"false",
	"platPreBuiltFlag":	false,
	"platformSamplesDir":	"",
	"platActiveSys":	"top",
	"systems":	[{
			"systemName":	"top",
			"systemDesc":	"top",
			"sysIsBootAutoGen":	"true",
			"systemDispName":	"top",
			"sysActiveDom":	"standalone_microblaze_0",
			"sysDefaultDom":	"standalone_microblaze_0",
			"domains":	[{
					"domainName":	"standalone_microblaze_0",
					"domainDispName":	"standalone_microblaze_0",
					"domainDesc":	"standalone_microblaze_0",
					"processors":	"microblaze_0",
					"os":	"standalone",
					"sdxOs":	"standalone",
					"debugEnable":	"False",
					"domRuntimes":	["cpp"],
					"swRepo":	"",
					"mssOsVer":	"7.3",
					"mssFile":	"",
					"md5Digest":	"641bf7107b1a0162d4bee8cefc2748ae",
					"compatibleApp":	"hello_world",
					"domType":	"mssDomain",
					"arch":	"32-bit",
					"appSettings":	{
						"appCompilerFlags":	"",
						"appLinkerFlags":	""
					},
					"addedLibs":	[],
					"libOptions":	{
						"libsContainingOptions":	[]
					},
					"prebuiltLibs":	{
						"prebuiltIncPath":	[],
						"prebuiltLibPath":	[]
					},
					"isolation":	{
					}
				}]
		}]
}
KEYINFO::2023-02-14.22:49:36::SCWPlatform::updated the xpfm file.
TRACE::2023-02-14.22:49:36::SCWPlatform::Trying to open the hw design at /home/danielito/Escritorio/Vivado_proyect/Vitis_proyect/TP8_FInal/top/hw/top.xsa
TRACE::2023-02-14.22:49:36::SCWPlatform::DSA given /home/danielito/Escritorio/Vivado_proyect/Vitis_proyect/TP8_FInal/top/hw/top.xsa
TRACE::2023-02-14.22:49:36::SCWPlatform::DSA absoulate path /home/danielito/Escritorio/Vivado_proyect/Vitis_proyect/TP8_FInal/top/hw/top.xsa
TRACE::2023-02-14.22:49:36::SCWPlatform::DSA directory /home/danielito/Escritorio/Vivado_proyect/Vitis_proyect/TP8_FInal/top/hw
TRACE::2023-02-14.22:49:36::SCWPlatform:: Platform Path /home/danielito/Escritorio/Vivado_proyect/Vitis_proyect/TP8_FInal/top/hw/top.xsa
TRACE::2023-02-14.22:49:36::SCWPlatform:: Unique name xilinx:arty-a7-35::0.0
TRACE::2023-02-14.22:49:36::SCWPlatform::Trying to set the existing hwdb with name top_0
TRACE::2023-02-14.22:49:36::SCWPlatform::Opened existing hwdb top_0
TRACE::2023-02-14.22:49:36::SCWPlatform::Found the Hw Db part of the input DSA
TRACE::2023-02-14.22:49:36::SCWMssOS::Checking the sw design at  /home/danielito/Escritorio/Vivado_proyect/Vitis_proyect/TP8_FInal/top/microblaze_0/standalone_microblaze_0/bsp/system.mss
TRACE::2023-02-14.22:49:36::SCWMssOS::DEBUG:  swdes dump  /home/danielito/Escritorio/Vivado_proyect/Vitis_proyect/TP8_FInal/top/microblaze_0/standalone_microblaze_0/bsp/system.mss|system||

TRACE::2023-02-14.22:49:36::SCWMssOS::Sw design exists and opened at  /home/danielito/Escritorio/Vivado_proyect/Vitis_proyect/TP8_FInal/top/microblaze_0/standalone_microblaze_0/bsp/system.mss
